{"level":"info","message":"[APP] SERVER IS NOW LISTENING AT PORT  3306"}
{"level":"info","message":"[APP] SERVER IS NOW LISTENING AT PORT  3306"}
{"level":"info","message":"[REQUEST] Received POST request at /v1/auth/register"}
{"level":"info","message":"[REGISTER USE CASE] {\"id\":\"1\",\"email\":\"admin@gmail.com\",\"isVerified\":true,\"picture\":\"http://localhost:3306/images/default.png\",\"username\":\"admin\",\"password\":\"$2a$10$xsDUFvs3UErIcvnX3k6.P.o7X2Lp9qkHxrx6W56puebIuFRb02ikW\",\"role\":\"admin\",\"phoneNumber\":\"56251081\",\"confirmation_token\":null,\"confirmed_email\":true}"}
{"level":"info","message":"[RESPONSE] Responded to POST request at /v1/auth/register in 253ms"}
{"level":"info","message":"[REQUEST] Received POST request at /v1/api/store/5/productCreator"}
{"level":"error","message":"[ERROR] Store not found","trace":"Error: Store not found\n    at ExceptionsService.badRequestException (C:\\Users\\slima\\OneDrive\\Bureau\\RBK\\senior\\softyshop-backend\\app\\src\\v1\\core\\errors\\exceptions.ts:56:11)\n    at Object.createProductCreator (C:\\Users\\slima\\OneDrive\\Bureau\\RBK\\senior\\softyshop-backend\\app\\src\\v1\\data\\repositories\\productCreator.repository.ts:73:24)\n    at processTicksAndRejections (node:internal/process/task_queues:95:5)\n    at async C:\\Users\\slima\\OneDrive\\Bureau\\RBK\\senior\\softyshop-backend\\app\\src\\v1\\usecases\\api\\productCreator\\createProductCreator.usecase.ts:38:7\n    at async C:\\Users\\slima\\OneDrive\\Bureau\\RBK\\senior\\softyshop-backend\\app\\src\\v1\\presenters\\controllers\\api\\productCreator\\createProductCreator.controller.ts:12:22"}
{"level":"error","message":"[ERROR] Store not found"}
{"level":"info","message":"[RESPONSE] Responded to POST request at /v1/api/store/5/productCreator in 50ms"}
{"level":"info","message":"[REQUEST] Received POST request at /v1/auth/register"}
{"level":"info","message":"[REGISTER USE CASE] {\"id\":\"2\",\"email\":\"vendor01@gmail.com\",\"isVerified\":true,\"picture\":\"http://localhost:3306/images/default.png\",\"username\":\"vendor01\",\"password\":\"$2a$10$L0Sbp0mRzkShWXCVCxGch.NK8/EEC4S0.neKPiW/rt9k7.iHDQxH2\",\"role\":\"vendor\",\"phoneNumber\":\"56251081\",\"confirmation_token\":null,\"confirmed_email\":true}"}
{"level":"info","message":"[RESPONSE] Responded to POST request at /v1/auth/register in 434ms"}
{"level":"info","message":"[REQUEST] Received POST request at /v1/api/store"}
{"level":"info","message":"[RESPONSE] Responded to POST request at /v1/api/store in 38ms"}
{"level":"info","message":"[REQUEST] Received POST request at /v1/api/store/1/productCreator"}
{"level":"info","message":"[RESPONSE] Responded to POST request at /v1/api/store/1/productCreator in 74ms"}
{"level":"info","message":"[REQUEST] Received POST request at /v1/api/store/1/brand"}
{"level":"info","message":"[RESPONSE] Responded to POST request at /v1/api/store/1/brand in 32ms"}
{"level":"info","message":"[REQUEST] Received POST request at /v1/api/admin/category"}
{"level":"error","message":"[ERROR] RBAC! You Not Have Role to access this","trace":"Error: RBAC! You Not Have Role to access this\n    at ExceptionsService.unauthorizedException (C:\\Users\\slima\\OneDrive\\Bureau\\RBK\\senior\\softyshop-backend\\app\\src\\v1\\core\\errors\\exceptions.ts:59:11)\n    at C:\\Users\\slima\\OneDrive\\Bureau\\RBK\\senior\\softyshop-backend\\app\\src\\v1\\presenters\\middlewares\\auth\\restrictTo.middleware.ts:10:26\n    at Layer.handle [as handle_request] (C:\\Users\\slima\\OneDrive\\Bureau\\RBK\\senior\\softyshop-backend\\node_modules\\express\\lib\\router\\layer.js:95:5)\n    at next (C:\\Users\\slima\\OneDrive\\Bureau\\RBK\\senior\\softyshop-backend\\node_modules\\express\\lib\\router\\route.js:144:13)\n    at Route.dispatch (C:\\Users\\slima\\OneDrive\\Bureau\\RBK\\senior\\softyshop-backend\\node_modules\\express\\lib\\router\\route.js:114:3)\n    at Layer.handle [as handle_request] (C:\\Users\\slima\\OneDrive\\Bureau\\RBK\\senior\\softyshop-backend\\node_modules\\express\\lib\\router\\layer.js:95:5)\n    at C:\\Users\\slima\\OneDrive\\Bureau\\RBK\\senior\\softyshop-backend\\node_modules\\express\\lib\\router\\index.js:284:15\n    at Function.process_params (C:\\Users\\slima\\OneDrive\\Bureau\\RBK\\senior\\softyshop-backend\\node_modules\\express\\lib\\router\\index.js:346:12)\n    at next (C:\\Users\\slima\\OneDrive\\Bureau\\RBK\\senior\\softyshop-backend\\node_modules\\express\\lib\\router\\index.js:280:10)\n    at isAuthentictedMiddleware (C:\\Users\\slima\\OneDrive\\Bureau\\RBK\\senior\\softyshop-backend\\app\\src\\v1\\presenters\\middlewares\\auth\\isAuthenticated.middleware.ts:46:5)"}
{"level":"error","message":"[ERROR] RBAC! You Not Have Role to access this"}
{"level":"info","message":"[RESPONSE] Responded to POST request at /v1/api/admin/category in 21ms"}
{"level":"info","message":"[REQUEST] Received POST request at /v1/auth/login"}
{"level":"info","message":"[LOGIN CONTROLLER] IN LOGIN EMAIl admin@gmail.com"}
{"level":"info","message":"[LOGIN USE CASE] {\"id\":\"1\",\"email\":\"admin@gmail.com\",\"isVerified\":true,\"picture\":\"http://localhost:3306/images/default.png\",\"username\":\"admin\",\"password\":\"$2a$10$xsDUFvs3UErIcvnX3k6.P.o7X2Lp9qkHxrx6W56puebIuFRb02ikW\",\"role\":\"admin\",\"phoneNumber\":\"56251081\",\"confirmation_token\":null,\"confirmed_email\":true}"}
{"level":"info","message":"[RESPONSE] Responded to POST request at /v1/auth/login in 247ms"}
{"level":"info","message":"[REQUEST] Received POST request at /v1/api/admin/category"}
{"level":"info","message":"[RESPONSE] Responded to POST request at /v1/api/admin/category in 68ms"}
{"level":"info","message":"[REQUEST] Received POST request at /v1/auth/login"}
{"level":"info","message":"[LOGIN CONTROLLER] IN LOGIN EMAIl vendor01@gmail.com"}
{"level":"info","message":"[LOGIN USE CASE] {\"id\":\"2\",\"email\":\"vendor01@gmail.com\",\"isVerified\":true,\"picture\":\"http://localhost:3306/images/default.png\",\"username\":\"vendor01\",\"password\":\"$2a$10$L0Sbp0mRzkShWXCVCxGch.NK8/EEC4S0.neKPiW/rt9k7.iHDQxH2\",\"role\":\"vendor\",\"phoneNumber\":\"56251081\",\"confirmation_token\":null,\"confirmed_email\":true}"}
{"level":"info","message":"[RESPONSE] Responded to POST request at /v1/auth/login in 208ms"}
{"level":"info","message":"[REQUEST] Received POST request at /v1/api/store/1"}
{"level":"info","message":"[REQUEST] Received POST request at /v1/api/store/1/product"}
{"level":"error","message":"[ERROR] Validation Error","trace":"Error: Validation Error\n    at ExceptionsService.unprocessabhleEntityException (C:\\Users\\slima\\OneDrive\\Bureau\\RBK\\senior\\softyshop-backend\\app\\src\\v1\\core\\errors\\exceptions.ts:68:11)\n    at validatePayloadSchema (C:\\Users\\slima\\OneDrive\\Bureau\\RBK\\senior\\softyshop-backend\\app\\src\\v1\\utils\\validation\\validate.schema.ts:37:24)\n    at trimAndValidateSchemaPayload (C:\\Users\\slima\\OneDrive\\Bureau\\RBK\\senior\\softyshop-backend\\app\\src\\v1\\utils\\validation\\validate.schema.ts:10:24)\n    at validateCreateProductPayload (C:\\Users\\slima\\OneDrive\\Bureau\\RBK\\senior\\softyshop-backend\\app\\src\\v1\\usecases\\api\\product\\createProduct.usecase.ts:45:31)\n    at C:\\Users\\slima\\OneDrive\\Bureau\\RBK\\senior\\softyshop-backend\\app\\src\\v1\\usecases\\api\\product\\createProduct.usecase.ts:23:5\n    at C:\\Users\\slima\\OneDrive\\Bureau\\RBK\\senior\\softyshop-backend\\app\\src\\v1\\presenters\\controllers\\api\\product\\createProduct.controller.ts:44:28\n    at processTicksAndRejections (node:internal/process/task_queues:95:5)"}
{"level":"error","message":"[ERROR] Validation Error"}
{"level":"info","message":"[RESPONSE] Responded to POST request at /v1/api/store/1/product in 50ms"}
{"level":"info","message":"[APP] SERVER IS NOW LISTENING AT PORT  3306"}
