{"level":"info","message":"[APP] SERVER IS NOW LISTENING AT PORT  3000"}
{"level":"info","message":"[APP] SERVER IS NOW LISTENING AT PORT  3000"}
{"level":"info","message":"[APP] SERVER IS NOW LISTENING AT PORT  3000"}
{"level":"info","message":"[APP] SERVER IS NOW LISTENING AT PORT  3000"}
{"level":"info","message":"[APP] SERVER IS NOW LISTENING AT PORT  3000"}
{"level":"info","message":"[APP] SERVER IS NOW LISTENING AT PORT  3000"}
{"level":"info","message":"[APP] SERVER IS NOW LISTENING AT PORT  3000"}
{"level":"info","message":"[APP] SERVER IS NOW LISTENING AT PORT  3000"}
{"level":"info","message":"[APP] SERVER IS NOW LISTENING AT PORT  3000"}
{"level":"info","message":"[APP] SERVER IS NOW LISTENING AT PORT  3000"}
{"level":"info","message":"[APP] SERVER IS NOW LISTENING AT PORT  3000"}
{"level":"info","message":"[APP] SERVER IS NOW LISTENING AT PORT  3000"}
{"level":"info","message":"[APP] SERVER IS NOW LISTENING AT PORT  3000"}
{"level":"info","message":"[APP] SERVER IS NOW LISTENING AT PORT  3000"}
{"level":"info","message":"[APP] SERVER IS NOW LISTENING AT PORT  3000"}
{"level":"info","message":"[APP] SERVER IS NOW LISTENING AT PORT  3000"}
{"level":"info","message":"[APP] SERVER IS NOW LISTENING AT PORT  3000"}
{"level":"info","message":"[APP] SERVER IS NOW LISTENING AT PORT  3000"}
{"level":"info","message":"[APP] SERVER IS NOW LISTENING AT PORT  3000"}
{"level":"info","message":"[APP] SERVER IS NOW LISTENING AT PORT  3000"}
{"level":"info","message":"[APP] SERVER IS NOW LISTENING AT PORT  3000"}
{"level":"info","message":"[APP] SERVER IS NOW LISTENING AT PORT  3000"}
{"level":"info","message":"[APP] SERVER IS NOW LISTENING AT PORT  3000"}
{"level":"info","message":"[APP] SERVER IS NOW LISTENING AT PORT  3000"}
{"level":"info","message":"[APP] SERVER IS NOW LISTENING AT PORT  3000"}
{"level":"info","message":"[APP] SERVER IS NOW LISTENING AT PORT  3000"}
{"level":"info","message":"[APP] SERVER IS NOW LISTENING AT PORT  3000"}
{"level":"info","message":"[APP] SERVER IS NOW LISTENING AT PORT  3000"}
{"level":"info","message":"[APP] SERVER IS NOW LISTENING AT PORT  3000"}
{"level":"info","message":"[APP] SERVER IS NOW LISTENING AT PORT  3000"}
{"level":"info","message":"[APP] SERVER IS NOW LISTENING AT PORT  3000"}
{"level":"info","message":"[APP] SERVER IS NOW LISTENING AT PORT  3000"}
{"level":"info","message":"[APP] SERVER IS NOW LISTENING AT PORT  3000"}
{"level":"info","message":"[APP] SERVER IS NOW LISTENING AT PORT  3000"}
{"level":"info","message":"[APP] SERVER IS NOW LISTENING AT PORT  3000"}
{"level":"info","message":"[APP] SERVER IS NOW LISTENING AT PORT  3000"}
{"level":"info","message":"[APP] SERVER IS NOW LISTENING AT PORT  3000"}
{"level":"info","message":"[APP] SERVER IS NOW LISTENING AT PORT  3000"}
{"level":"info","message":"[APP] SERVER IS NOW LISTENING AT PORT  3000"}
{"level":"info","message":"[APP] SERVER IS NOW LISTENING AT PORT  3000"}
{"level":"info","message":"[APP] SERVER IS NOW LISTENING AT PORT  3000"}
{"level":"info","message":"[APP] SERVER IS NOW LISTENING AT PORT  3000"}
{"level":"info","message":"[APP] SERVER IS NOW LISTENING AT PORT  3000"}
{"level":"info","message":"[APP] SERVER IS NOW LISTENING AT PORT  3000"}
{"level":"info","message":"[APP] SERVER IS NOW LISTENING AT PORT  3000"}
{"level":"info","message":"[APP] SERVER IS NOW LISTENING AT PORT  3000"}
{"level":"info","message":"[APP] SERVER IS NOW LISTENING AT PORT  3000"}
{"level":"info","message":"[APP] SERVER IS NOW LISTENING AT PORT  3000"}
{"level":"info","message":"[APP] SERVER IS NOW LISTENING AT PORT  3000"}
{"level":"info","message":"[APP] SERVER IS NOW LISTENING AT PORT  3000"}
{"level":"info","message":"[APP] SERVER IS NOW LISTENING AT PORT  3000"}
{"level":"info","message":"[APP] SERVER IS NOW LISTENING AT PORT  3000"}
{"level":"info","message":"[APP] SERVER IS NOW LISTENING AT PORT  3000"}
{"level":"info","message":"[APP] SERVER IS NOW LISTENING AT PORT  3000"}
{"level":"info","message":"[APP] SERVER IS NOW LISTENING AT PORT  3000"}
{"level":"info","message":"[APP] SERVER IS NOW LISTENING AT PORT  3000"}
{"level":"info","message":"[APP] SERVER IS NOW LISTENING AT PORT  3000"}
{"level":"info","message":"[APP] SERVER IS NOW LISTENING AT PORT  3000"}
{"level":"info","message":"[APP] SERVER IS NOW LISTENING AT PORT  3000"}
{"level":"info","message":"[APP] SERVER IS NOW LISTENING AT PORT  3000"}
{"level":"info","message":"[APP] SERVER IS NOW LISTENING AT PORT  3000"}
{"level":"info","message":"[APP] SERVER IS NOW LISTENING AT PORT  3000"}
{"level":"info","message":"[APP] SERVER IS NOW LISTENING AT PORT  3000"}
{"level":"info","message":"[APP] SERVER IS NOW LISTENING AT PORT  3000"}
{"level":"info","message":"[APP] SERVER IS NOW LISTENING AT PORT  3000"}
{"level":"info","message":"[APP] SERVER IS NOW LISTENING AT PORT  3000"}
{"level":"info","message":"[APP] SERVER IS NOW LISTENING AT PORT  3000"}
{"level":"info","message":"[APP] SERVER IS NOW LISTENING AT PORT  3000"}
{"level":"info","message":"[APP] SERVER IS NOW LISTENING AT PORT  3000"}
{"level":"info","message":"[APP] SERVER IS NOW LISTENING AT PORT  3000"}
{"level":"info","message":"[APP] SERVER IS NOW LISTENING AT PORT  3000"}
{"level":"info","message":"[APP] SERVER IS NOW LISTENING AT PORT  3000"}
{"level":"info","message":"[APP] SERVER IS NOW LISTENING AT PORT  3000"}
{"level":"info","message":"[APP] SERVER IS NOW LISTENING AT PORT  3000"}
{"level":"info","message":"[APP] SERVER IS NOW LISTENING AT PORT  3000"}
{"level":"info","message":"[APP] SERVER IS NOW LISTENING AT PORT  3000"}
{"level":"info","message":"[APP] SERVER IS NOW LISTENING AT PORT  3000"}
{"level":"info","message":"[APP] SERVER IS NOW LISTENING AT PORT  3000"}
{"level":"info","message":"[APP] SERVER IS NOW LISTENING AT PORT  3000"}
{"level":"info","message":"[APP] SERVER IS NOW LISTENING AT PORT  3000"}
{"level":"info","message":"[APP] SERVER IS NOW LISTENING AT PORT  3000"}
{"level":"info","message":"[APP] SERVER IS NOW LISTENING AT PORT  3000"}
{"level":"info","message":"[APP] SERVER IS NOW LISTENING AT PORT  3000"}
{"level":"info","message":"[APP] SERVER IS NOW LISTENING AT PORT  3000"}
{"level":"info","message":"[APP] SERVER IS NOW LISTENING AT PORT  3000"}
{"level":"info","message":"[APP] SERVER IS NOW LISTENING AT PORT  3000"}
{"level":"info","message":"[APP] SERVER IS NOW LISTENING AT PORT  3000"}
{"level":"info","message":"[APP] SERVER IS NOW LISTENING AT PORT  3000"}
{"level":"info","message":"[APP] SERVER IS NOW LISTENING AT PORT  3000"}
{"level":"info","message":"[APP] SERVER IS NOW LISTENING AT PORT  3000"}
{"level":"info","message":"[APP] SERVER IS NOW LISTENING AT PORT  3000"}
{"level":"info","message":"[APP] SERVER IS NOW LISTENING AT PORT  3000"}
{"level":"info","message":"[APP] SERVER IS NOW LISTENING AT PORT  3000"}
{"level":"info","message":"[APP] SERVER IS NOW LISTENING AT PORT  3000"}
{"level":"info","message":"[APP] SERVER IS NOW LISTENING AT PORT  3000"}
{"level":"info","message":"[APP] SERVER IS NOW LISTENING AT PORT  3000"}
{"level":"info","message":"[APP] SERVER IS NOW LISTENING AT PORT  3000"}
{"level":"info","message":"[APP] SERVER IS NOW LISTENING AT PORT  3000"}
{"level":"info","message":"[APP] SERVER IS NOW LISTENING AT PORT  3000"}
{"level":"info","message":"[APP] SERVER IS NOW LISTENING AT PORT  3000"}
{"level":"info","message":"[APP] SERVER IS NOW LISTENING AT PORT  3000"}
{"level":"info","message":"[APP] SERVER IS NOW LISTENING AT PORT  3000"}
{"level":"info","message":"[APP] SERVER IS NOW LISTENING AT PORT  3000"}
{"level":"info","message":"[APP] SERVER IS NOW LISTENING AT PORT  3000"}
{"level":"info","message":"[APP] SERVER IS NOW LISTENING AT PORT  3000"}
{"level":"info","message":"[APP] SERVER IS NOW LISTENING AT PORT  3000"}
{"level":"info","message":"[APP] SERVER IS NOW LISTENING AT PORT  3000"}
{"level":"info","message":"[APP] SERVER IS NOW LISTENING AT PORT  3000"}
{"level":"info","message":"[APP] SERVER IS NOW LISTENING AT PORT  3000"}
{"level":"info","message":"[APP] SERVER IS NOW LISTENING AT PORT  3000"}
{"level":"info","message":"[APP] SERVER IS NOW LISTENING AT PORT  3000"}
{"level":"info","message":"[APP] SERVER IS NOW LISTENING AT PORT  3000"}
{"level":"info","message":"[APP] SERVER IS NOW LISTENING AT PORT  3000"}
{"level":"info","message":"[APP] SERVER IS NOW LISTENING AT PORT  3000"}
{"level":"info","message":"[APP] SERVER IS NOW LISTENING AT PORT  3000"}
{"level":"info","message":"[APP] SERVER IS NOW LISTENING AT PORT  3000"}
{"level":"info","message":"[APP] SERVER IS NOW LISTENING AT PORT  3000"}
{"level":"info","message":"[APP] SERVER IS NOW LISTENING AT PORT  3000"}
{"level":"info","message":"[APP] SERVER IS NOW LISTENING AT PORT  3000"}
{"level":"info","message":"[APP] SERVER IS NOW LISTENING AT PORT  3000"}
{"level":"info","message":"[APP] SERVER IS NOW LISTENING AT PORT  3000"}
{"level":"info","message":"[APP] SERVER IS NOW LISTENING AT PORT  3000"}
{"level":"info","message":"[APP] SERVER IS NOW LISTENING AT PORT  3000"}
{"level":"info","message":"[APP] SERVER IS NOW LISTENING AT PORT  3000"}
{"level":"info","message":"[APP] SERVER IS NOW LISTENING AT PORT  3000"}
{"level":"info","message":"[APP] SERVER IS NOW LISTENING AT PORT  3000"}
{"level":"info","message":"[APP] SERVER IS NOW LISTENING AT PORT  3000"}
{"level":"info","message":"[APP] SERVER IS NOW LISTENING AT PORT  3000"}
{"level":"info","message":"[APP] SERVER IS NOW LISTENING AT PORT  3000"}
{"level":"info","message":"[APP] SERVER IS NOW LISTENING AT PORT  3000"}
{"level":"info","message":"[APP] SERVER IS NOW LISTENING AT PORT  3000"}
{"level":"info","message":"[APP] SERVER IS NOW LISTENING AT PORT  3000"}
{"level":"info","message":"[APP] SERVER IS NOW LISTENING AT PORT  3000"}
{"level":"info","message":"[APP] SERVER IS NOW LISTENING AT PORT  3000"}
{"level":"info","message":"[APP] SERVER IS NOW LISTENING AT PORT  3000"}
{"level":"info","message":"[APP] SERVER IS NOW LISTENING AT PORT  3000"}
{"level":"info","message":"[APP] SERVER IS NOW LISTENING AT PORT  3000"}
{"level":"info","message":"[APP] SERVER IS NOW LISTENING AT PORT  3000"}
{"level":"info","message":"[APP] SERVER IS NOW LISTENING AT PORT  3000"}
{"level":"info","message":"[APP] SERVER IS NOW LISTENING AT PORT  3000"}
{"level":"info","message":"[APP] SERVER IS NOW LISTENING AT PORT  3000"}
{"level":"info","message":"[APP] SERVER IS NOW LISTENING AT PORT  3000"}
{"level":"info","message":"[APP] SERVER IS NOW LISTENING AT PORT  3000"}
{"level":"info","message":"[APP] SERVER IS NOW LISTENING AT PORT  3000"}
{"level":"info","message":"[APP] SERVER IS NOW LISTENING AT PORT  3000"}
{"level":"info","message":"[APP] SERVER IS NOW LISTENING AT PORT  3000"}
{"level":"info","message":"[APP] SERVER IS NOW LISTENING AT PORT  3000"}
{"level":"info","message":"[APP] SERVER IS NOW LISTENING AT PORT  3000"}
{"level":"info","message":"[APP] SERVER IS NOW LISTENING AT PORT  3000"}
{"level":"info","message":"[APP] SERVER IS NOW LISTENING AT PORT  3000"}
{"level":"info","message":"[APP] SERVER IS NOW LISTENING AT PORT  3000"}
{"level":"info","message":"[APP] SERVER IS NOW LISTENING AT PORT  3000"}
{"level":"info","message":"[APP] SERVER IS NOW LISTENING AT PORT  3000"}
{"level":"info","message":"[APP] SERVER IS NOW LISTENING AT PORT  3000"}
{"level":"info","message":"[APP] SERVER IS NOW LISTENING AT PORT  3000"}
{"level":"info","message":"[APP] SERVER IS NOW LISTENING AT PORT  3000"}
{"level":"info","message":"[APP] SERVER IS NOW LISTENING AT PORT  3000"}
{"level":"info","message":"[APP] SERVER IS NOW LISTENING AT PORT  3000"}
{"level":"info","message":"[APP] SERVER IS NOW LISTENING AT PORT  3000"}
{"level":"info","message":"[APP] SERVER IS NOW LISTENING AT PORT  3000"}
{"level":"info","message":"[APP] SERVER IS NOW LISTENING AT PORT  3000"}
{"level":"info","message":"[APP] SERVER IS NOW LISTENING AT PORT  3000"}
{"level":"info","message":"[APP] SERVER IS NOW LISTENING AT PORT  3000"}
{"level":"info","message":"[APP] SERVER IS NOW LISTENING AT PORT  3000"}
{"level":"info","message":"[APP] SERVER IS NOW LISTENING AT PORT  3000"}
{"level":"info","message":"[APP] SERVER IS NOW LISTENING AT PORT  3000"}
{"level":"info","message":"[APP] SERVER IS NOW LISTENING AT PORT  3000"}
{"level":"info","message":"[APP] SERVER IS NOW LISTENING AT PORT  3000"}
{"level":"info","message":"[APP] SERVER IS NOW LISTENING AT PORT  3000"}
{"level":"info","message":"[APP] SERVER IS NOW LISTENING AT PORT  3000"}
{"level":"info","message":"[APP] SERVER IS NOW LISTENING AT PORT  3000"}
{"level":"info","message":"[APP] SERVER IS NOW LISTENING AT PORT  3000"}
{"level":"info","message":"[APP] SERVER IS NOW LISTENING AT PORT  3000"}
{"level":"info","message":"[APP] SERVER IS NOW LISTENING AT PORT  3000"}
{"level":"info","message":"[APP] SERVER IS NOW LISTENING AT PORT  3000"}
{"level":"info","message":"[APP] SERVER IS NOW LISTENING AT PORT  3000"}
{"level":"info","message":"[APP] SERVER IS NOW LISTENING AT PORT  3000"}
{"level":"info","message":"[APP] SERVER IS NOW LISTENING AT PORT  3000"}
{"level":"info","message":"[APP] SERVER IS NOW LISTENING AT PORT  3000"}
{"level":"info","message":"[APP] SERVER IS NOW LISTENING AT PORT  3000"}
{"level":"info","message":"[APP] SERVER IS NOW LISTENING AT PORT  3000"}
{"level":"info","message":"[APP] SERVER IS NOW LISTENING AT PORT  3000"}
{"level":"info","message":"[APP] SERVER IS NOW LISTENING AT PORT  3000"}
{"level":"info","message":"[APP] SERVER IS NOW LISTENING AT PORT  3000"}
{"level":"info","message":"[APP] SERVER IS NOW LISTENING AT PORT  3000"}
{"level":"info","message":"[APP] SERVER IS NOW LISTENING AT PORT  3000"}
{"level":"info","message":"[APP] SERVER IS NOW LISTENING AT PORT  3000"}
{"level":"info","message":"[APP] SERVER IS NOW LISTENING AT PORT  3000"}
{"level":"info","message":"[APP] SERVER IS NOW LISTENING AT PORT  3000"}
{"level":"info","message":"[APP] SERVER IS NOW LISTENING AT PORT  3000"}
{"level":"info","message":"[APP] SERVER IS NOW LISTENING AT PORT  3000"}
{"level":"info","message":"[APP] SERVER IS NOW LISTENING AT PORT  3000"}
{"level":"info","message":"[APP] SERVER IS NOW LISTENING AT PORT  3000"}
{"level":"info","message":"[APP] SERVER IS NOW LISTENING AT PORT  3000"}
{"level":"info","message":"[APP] SERVER IS NOW LISTENING AT PORT  3000"}
{"level":"info","message":"[APP] SERVER IS NOW LISTENING AT PORT  3000"}
{"level":"info","message":"[APP] SERVER IS NOW LISTENING AT PORT  3000"}
{"level":"info","message":"[APP] SERVER IS NOW LISTENING AT PORT  3000"}
{"level":"info","message":"[APP] SERVER IS NOW LISTENING AT PORT  3000"}
{"level":"info","message":"[APP] SERVER IS NOW LISTENING AT PORT  3000"}
{"level":"info","message":"[APP] SERVER IS NOW LISTENING AT PORT  3000"}
{"level":"info","message":"[APP] SERVER IS NOW LISTENING AT PORT  3000"}
{"level":"info","message":"[APP] SERVER IS NOW LISTENING AT PORT  3000"}
{"level":"info","message":"[APP] SERVER IS NOW LISTENING AT PORT  3000"}
{"level":"info","message":"[APP] SERVER IS NOW LISTENING AT PORT  3000"}
{"level":"info","message":"[APP] SERVER IS NOW LISTENING AT PORT  3000"}
{"level":"info","message":"[APP] SERVER IS NOW LISTENING AT PORT  3000"}
{"level":"info","message":"[APP] SERVER IS NOW LISTENING AT PORT  3000"}
{"level":"info","message":"[APP] SERVER IS NOW LISTENING AT PORT  3000"}
{"level":"info","message":"[APP] SERVER IS NOW LISTENING AT PORT  3000"}
{"level":"info","message":"[APP] SERVER IS NOW LISTENING AT PORT  3000"}
{"level":"info","message":"[APP] SERVER IS NOW LISTENING AT PORT  3000"}
{"level":"info","message":"[APP] SERVER IS NOW LISTENING AT PORT  3000"}
{"level":"info","message":"[APP] SERVER IS NOW LISTENING AT PORT  3000"}
{"level":"info","message":"[APP] SERVER IS NOW LISTENING AT PORT  3000"}
{"level":"info","message":"[APP] SERVER IS NOW LISTENING AT PORT  3000"}
{"level":"info","message":"[APP] SERVER IS NOW LISTENING AT PORT  3000"}
{"level":"info","message":"[APP] SERVER IS NOW LISTENING AT PORT  3000"}
{"level":"info","message":"[APP] SERVER IS NOW LISTENING AT PORT  3000"}
{"level":"info","message":"[APP] SERVER IS NOW LISTENING AT PORT  3000"}
{"level":"info","message":"[APP] SERVER IS NOW LISTENING AT PORT  3000"}
{"level":"info","message":"[APP] SERVER IS NOW LISTENING AT PORT  3000"}
{"level":"info","message":"[APP] SERVER IS NOW LISTENING AT PORT  3000"}
{"level":"info","message":"[APP] SERVER IS NOW LISTENING AT PORT  3000"}
{"level":"info","message":"[APP] SERVER IS NOW LISTENING AT PORT  3000"}
{"level":"info","message":"[APP] SERVER IS NOW LISTENING AT PORT  3000"}
{"level":"info","message":"[APP] SERVER IS NOW LISTENING AT PORT  3000"}
{"level":"info","message":"[APP] SERVER IS NOW LISTENING AT PORT  3000"}
{"level":"info","message":"[APP] SERVER IS NOW LISTENING AT PORT  3000"}
{"level":"info","message":"[APP] SERVER IS NOW LISTENING AT PORT  3000"}
{"level":"info","message":"[APP] SERVER IS NOW LISTENING AT PORT  3000"}
{"level":"info","message":"[APP] SERVER IS NOW LISTENING AT PORT  3000"}
{"level":"info","message":"[APP] SERVER IS NOW LISTENING AT PORT  3000"}
{"level":"info","message":"[APP] SERVER IS NOW LISTENING AT PORT  3000"}
{"level":"info","message":"[APP] SERVER IS NOW LISTENING AT PORT  3000"}
{"level":"info","message":"[APP] SERVER IS NOW LISTENING AT PORT  3000"}
{"level":"info","message":"[APP] SERVER IS NOW LISTENING AT PORT  3000"}
{"level":"info","message":"[APP] SERVER IS NOW LISTENING AT PORT  3000"}
{"level":"info","message":"[APP] SERVER IS NOW LISTENING AT PORT  3000"}
{"level":"info","message":"[APP] SERVER IS NOW LISTENING AT PORT  3000"}
{"level":"info","message":"[APP] SERVER IS NOW LISTENING AT PORT  3000"}
{"level":"info","message":"[APP] SERVER IS NOW LISTENING AT PORT  3000"}
{"level":"info","message":"[APP] SERVER IS NOW LISTENING AT PORT  3000"}
{"level":"info","message":"[APP] SERVER IS NOW LISTENING AT PORT  3000"}
{"level":"info","message":"[APP] SERVER IS NOW LISTENING AT PORT  3000"}
{"level":"info","message":"[APP] SERVER IS NOW LISTENING AT PORT  3000"}
{"level":"info","message":"[APP] SERVER IS NOW LISTENING AT PORT  3000"}
{"level":"info","message":"[APP] SERVER IS NOW LISTENING AT PORT  3000"}
{"level":"info","message":"[APP] SERVER IS NOW LISTENING AT PORT  3000"}
{"level":"info","message":"[APP] SERVER IS NOW LISTENING AT PORT  3000"}
{"level":"info","message":"[APP] SERVER IS NOW LISTENING AT PORT  3000"}
{"level":"info","message":"[APP] SERVER IS NOW LISTENING AT PORT  3000"}
{"level":"info","message":"[APP] SERVER IS NOW LISTENING AT PORT  3000"}
{"level":"info","message":"[APP] SERVER IS NOW LISTENING AT PORT  3000"}
{"level":"info","message":"[APP] SERVER IS NOW LISTENING AT PORT  3000"}
{"level":"info","message":"[APP] SERVER IS NOW LISTENING AT PORT  3000"}
{"level":"info","message":"[APP] SERVER IS NOW LISTENING AT PORT  3000"}
{"level":"info","message":"[APP] SERVER IS NOW LISTENING AT PORT  3000"}
{"level":"info","message":"[APP] SERVER IS NOW LISTENING AT PORT  3000"}
{"level":"info","message":"[APP] SERVER IS NOW LISTENING AT PORT  3000"}
{"level":"info","message":"[APP] SERVER IS NOW LISTENING AT PORT  3000"}
{"level":"info","message":"[APP] SERVER IS NOW LISTENING AT PORT  3000"}
{"level":"info","message":"[APP] SERVER IS NOW LISTENING AT PORT  3000"}
{"level":"info","message":"[APP] SERVER IS NOW LISTENING AT PORT  3000"}
{"level":"info","message":"[APP] SERVER IS NOW LISTENING AT PORT  3000"}
{"level":"info","message":"[APP] SERVER IS NOW LISTENING AT PORT  3000"}
{"level":"info","message":"[APP] SERVER IS NOW LISTENING AT PORT  3000"}
{"level":"info","message":"[APP] SERVER IS NOW LISTENING AT PORT  3000"}
{"level":"info","message":"[APP] SERVER IS NOW LISTENING AT PORT  3000"}
{"level":"info","message":"[APP] SERVER IS NOW LISTENING AT PORT  3000"}
{"level":"info","message":"[APP] SERVER IS NOW LISTENING AT PORT  3000"}
{"level":"info","message":"[APP] SERVER IS NOW LISTENING AT PORT  3000"}
{"level":"info","message":"[APP] SERVER IS NOW LISTENING AT PORT  3000"}
{"level":"info","message":"[REQUEST] Received GET request at /v1/api/vendor/store"}
{"level":"info","message":"[REQUEST] Received GET request at /v1/api/store"}
{"level":"error","message":"[ERROR] RBAC! You Not Have Role to access this","trace":"Error: RBAC! You Not Have Role to access this\n    at ExceptionsService.unauthorizedException (/Users/macmini/Desktop/projects/softyshop-backend/app/src/v1/core/errors/exceptions.ts:59:11)\n    at /Users/macmini/Desktop/projects/softyshop-backend/app/src/v1/presenters/middlewares/auth/restrictTo.middleware.ts:10:26\n    at Layer.handle [as handle_request] (/Users/macmini/Desktop/projects/softyshop-backend/node_modules/express/lib/router/layer.js:95:5)\n    at next (/Users/macmini/Desktop/projects/softyshop-backend/node_modules/express/lib/router/route.js:144:13)\n    at Route.dispatch (/Users/macmini/Desktop/projects/softyshop-backend/node_modules/express/lib/router/route.js:114:3)\n    at Layer.handle [as handle_request] (/Users/macmini/Desktop/projects/softyshop-backend/node_modules/express/lib/router/layer.js:95:5)\n    at /Users/macmini/Desktop/projects/softyshop-backend/node_modules/express/lib/router/index.js:284:15\n    at Function.process_params (/Users/macmini/Desktop/projects/softyshop-backend/node_modules/express/lib/router/index.js:346:12)\n    at next (/Users/macmini/Desktop/projects/softyshop-backend/node_modules/express/lib/router/index.js:280:10)\n    at isAuthentictedMiddleware (/Users/macmini/Desktop/projects/softyshop-backend/app/src/v1/presenters/middlewares/auth/isAuthenticated.middleware.ts:47:5)"}
{"level":"error","message":"[ERROR] RBAC! You Not Have Role to access this"}
{"level":"info","message":"[RESPONSE] Responded to GET request at /v1/api/store in 27ms"}
{"level":"info","message":"[REQUEST] Received POST request at /v1/api/store"}
{"level":"error","message":"[ERROR] Validation Error","trace":"Error: Validation Error\n    at ExceptionsService.unprocessabhleEntityException (/Users/macmini/Desktop/projects/softyshop-backend/app/src/v1/core/errors/exceptions.ts:68:11)\n    at /Users/macmini/Desktop/projects/softyshop-backend/app/src/v1/presenters/middlewares/schemas/validateSchema.middleware.ts:39:26\n    at Layer.handle [as handle_request] (/Users/macmini/Desktop/projects/softyshop-backend/node_modules/express/lib/router/layer.js:95:5)\n    at next (/Users/macmini/Desktop/projects/softyshop-backend/node_modules/express/lib/router/route.js:144:13)\n    at next (/Users/macmini/Desktop/projects/softyshop-backend/node_modules/express/lib/router/route.js:140:7)\n    at next (/Users/macmini/Desktop/projects/softyshop-backend/node_modules/express/lib/router/route.js:140:7)\n    at Route.dispatch (/Users/macmini/Desktop/projects/softyshop-backend/node_modules/express/lib/router/route.js:114:3)\n    at Layer.handle [as handle_request] (/Users/macmini/Desktop/projects/softyshop-backend/node_modules/express/lib/router/layer.js:95:5)\n    at /Users/macmini/Desktop/projects/softyshop-backend/node_modules/express/lib/router/index.js:284:15\n    at Function.process_params (/Users/macmini/Desktop/projects/softyshop-backend/node_modules/express/lib/router/index.js:346:12)"}
{"level":"error","message":"[ERROR] Validation Error"}
{"level":"info","message":"[RESPONSE] Responded to POST request at /v1/api/store in 10ms"}
{"level":"info","message":"[REQUEST] Received POST request at /v1/api/store"}
{"level":"error","message":"[ERROR] Validation Error","trace":"Error: Validation Error\n    at ExceptionsService.unprocessabhleEntityException (/Users/macmini/Desktop/projects/softyshop-backend/app/src/v1/core/errors/exceptions.ts:68:11)\n    at /Users/macmini/Desktop/projects/softyshop-backend/app/src/v1/presenters/middlewares/schemas/validateSchema.middleware.ts:39:26\n    at Layer.handle [as handle_request] (/Users/macmini/Desktop/projects/softyshop-backend/node_modules/express/lib/router/layer.js:95:5)\n    at next (/Users/macmini/Desktop/projects/softyshop-backend/node_modules/express/lib/router/route.js:144:13)\n    at next (/Users/macmini/Desktop/projects/softyshop-backend/node_modules/express/lib/router/route.js:140:7)\n    at next (/Users/macmini/Desktop/projects/softyshop-backend/node_modules/express/lib/router/route.js:140:7)\n    at Route.dispatch (/Users/macmini/Desktop/projects/softyshop-backend/node_modules/express/lib/router/route.js:114:3)\n    at Layer.handle [as handle_request] (/Users/macmini/Desktop/projects/softyshop-backend/node_modules/express/lib/router/layer.js:95:5)\n    at /Users/macmini/Desktop/projects/softyshop-backend/node_modules/express/lib/router/index.js:284:15\n    at Function.process_params (/Users/macmini/Desktop/projects/softyshop-backend/node_modules/express/lib/router/index.js:346:12)"}
{"level":"error","message":"[ERROR] Validation Error"}
{"level":"info","message":"[RESPONSE] Responded to POST request at /v1/api/store in 6ms"}
{"level":"info","message":"[APP] SERVER IS NOW LISTENING AT PORT  3000"}
{"level":"info","message":"[REQUEST] Received POST request at /v1/api/store"}
{"level":"error","message":"[ERROR] Duplicate entry '25252225' for key 'stores.IDX_eacde8977879662638947df58c'","trace":"QueryFailedError: Duplicate entry '25252225' for key 'stores.IDX_eacde8977879662638947df58c'\n    at Query.onResult (/Users/macmini/Desktop/projects/softyshop-backend/node_modules/typeorm/src/driver/mysql/MysqlQueryRunner.ts:222:33)\n    at Query.execute (/Users/macmini/Desktop/projects/softyshop-backend/node_modules/mysql2/lib/commands/command.js:36:14)\n    at PoolConnection.handlePacket (/Users/macmini/Desktop/projects/softyshop-backend/node_modules/mysql2/lib/connection.js:478:34)\n    at PacketParser.onPacket (/Users/macmini/Desktop/projects/softyshop-backend/node_modules/mysql2/lib/connection.js:97:12)\n    at PacketParser.executeStart (/Users/macmini/Desktop/projects/softyshop-backend/node_modules/mysql2/lib/packet_parser.js:75:16)\n    at Socket.<anonymous> (/Users/macmini/Desktop/projects/softyshop-backend/node_modules/mysql2/lib/connection.js:104:25)\n    at Socket.emit (node:events:518:28)\n    at Socket.emit (node:domain:488:12)\n    at addChunk (node:internal/streams/readable:559:12)\n    at readableAddChunkPushByteMode (node:internal/streams/readable:510:3)"}
{"level":"info","message":"[RESPONSE] Responded to POST request at /v1/api/store in 65ms"}
{"level":"info","message":"[REQUEST] Received POST request at /v1/api/store"}
{"level":"error","message":"[ERROR] Duplicate entry '25252225' for key 'stores.IDX_eacde8977879662638947df58c'","trace":"QueryFailedError: Duplicate entry '25252225' for key 'stores.IDX_eacde8977879662638947df58c'\n    at Query.onResult (/Users/macmini/Desktop/projects/softyshop-backend/node_modules/typeorm/src/driver/mysql/MysqlQueryRunner.ts:222:33)\n    at Query.execute (/Users/macmini/Desktop/projects/softyshop-backend/node_modules/mysql2/lib/commands/command.js:36:14)\n    at PoolConnection.handlePacket (/Users/macmini/Desktop/projects/softyshop-backend/node_modules/mysql2/lib/connection.js:478:34)\n    at PacketParser.onPacket (/Users/macmini/Desktop/projects/softyshop-backend/node_modules/mysql2/lib/connection.js:97:12)\n    at PacketParser.executeStart (/Users/macmini/Desktop/projects/softyshop-backend/node_modules/mysql2/lib/packet_parser.js:75:16)\n    at Socket.<anonymous> (/Users/macmini/Desktop/projects/softyshop-backend/node_modules/mysql2/lib/connection.js:104:25)\n    at Socket.emit (node:events:518:28)\n    at Socket.emit (node:domain:488:12)\n    at addChunk (node:internal/streams/readable:559:12)\n    at readableAddChunkPushByteMode (node:internal/streams/readable:510:3)"}
{"level":"info","message":"[RESPONSE] Responded to POST request at /v1/api/store in 25ms"}
{"level":"info","message":"[REQUEST] Received POST request at /v1/api/store"}
{"level":"info","message":"[RESPONSE] Responded to POST request at /v1/api/store in 25ms"}
{"level":"info","message":"[REQUEST] Received GET request at /v1/api/store/4"}
{"level":"info","message":"[RESPONSE] Responded to GET request at /v1/api/store/4 in 11ms"}
{"level":"info","message":"[REQUEST] Received DELETE request at /v1/api/store/4"}
{"level":"info","message":"[RESPONSE] Responded to DELETE request at /v1/api/store/4 in 32ms"}
{"level":"info","message":"[REQUEST] Received GET request at /v1/api/admin/my-stores"}
{"level":"info","message":"[REQUEST] Received GET request at /v1/api/my-stores"}
{"level":"info","message":"[REQUEST] Received GET request at /v1/api/store/my-stores"}
{"level":"info","message":"[RESPONSE] Responded to GET request at /v1/api/store/my-stores in 39ms"}
{"level":"info","message":"[REQUEST] Received PATCH request at /v1/api/store/3"}
{"level":"info","message":"[RESPONSE] Responded to PATCH request at /v1/api/store/3 in 22ms"}
{"level":"info","message":"[APP] SERVER IS NOW LISTENING AT PORT  3000"}
{"level":"info","message":"[APP] SERVER IS NOW LISTENING AT PORT  3000"}
{"level":"info","message":"[APP] SERVER IS NOW LISTENING AT PORT  3000"}
{"level":"info","message":"[APP] SERVER IS NOW LISTENING AT PORT  3000"}
{"level":"info","message":"[APP] SERVER IS NOW LISTENING AT PORT  3000"}
{"level":"info","message":"[APP] SERVER IS NOW LISTENING AT PORT  3000"}
{"level":"info","message":"[APP] SERVER IS NOW LISTENING AT PORT  3000"}
