{"level":"info","message":"[APP] SERVER IS NOW LISTENING AT PORT  3000"}
{"level":"info","message":"[REQUEST] Received GET request at /v1/api/shopping/my-cart"}
{"level":"error","message":"[ERROR] Cannot read properties of undefined (reading 'toString')","trace":"TypeError: Cannot read properties of undefined (reading 'toString')\n    at /Users/macmini/Desktop/projects/softyshop-backend/app/src/v1/usecases/api/cartProduct/getUserCartProduct.usecase.ts:40:20\n    at processTicksAndRejections (node:internal/process/task_queues:95:5)\n    at async /Users/macmini/Desktop/projects/softyshop-backend/app/src/v1/presenters/controllers/api/cartProduct/getUserCartProduct.controller.ts:14:22"}
{"level":"info","message":"[RESPONSE] Responded to GET request at /v1/api/shopping/my-cart in 331ms"}
{"level":"info","message":"[REQUEST] Received GET request at /v1/api/admin/category?perPage=5&page=1"}
{"level":"info","message":"[REQUEST] Received GET request at /v1/api/admin/category?perPage=4&page:1&search=name:"}
{"level":"info","message":"[RESPONSE] Responded to GET request at /v1/api/admin/category?perPage=5&page=1 in 166ms"}
{"level":"info","message":"[RESPONSE] Responded to GET request at /v1/api/admin/category?perPage=4&page:1&search=name: in 168ms"}
{"level":"info","message":"[REQUEST] Received GET request at /v1/api/users/me"}
{"level":"info","message":"[GET ME CONTROLLER] IN GET ME CONTROLLER ID 2"}
{"level":"info","message":"[RESPONSE] Responded to GET request at /v1/api/users/me in 120ms"}
{"level":"info","message":"[REQUEST] Received GET request at /v1/api/admin/category?perPage=5&page=1"}
{"level":"info","message":"[REQUEST] Received GET request at /v1/api/admin/category?perPage=4&page:1&search=name:"}
{"level":"info","message":"[RESPONSE] Responded to GET request at /v1/api/admin/category?perPage=5&page=1 in 31ms"}
{"level":"info","message":"[RESPONSE] Responded to GET request at /v1/api/admin/category?perPage=4&page:1&search=name: in 36ms"}
{"level":"info","message":"[REQUEST] Received GET request at /v1/api/shopping/my-cart"}
{"level":"error","message":"[ERROR] Cannot read properties of undefined (reading 'toString')","trace":"TypeError: Cannot read properties of undefined (reading 'toString')\n    at /Users/macmini/Desktop/projects/softyshop-backend/app/src/v1/usecases/api/cartProduct/getUserCartProduct.usecase.ts:40:20\n    at processTicksAndRejections (node:internal/process/task_queues:95:5)\n    at async /Users/macmini/Desktop/projects/softyshop-backend/app/src/v1/presenters/controllers/api/cartProduct/getUserCartProduct.controller.ts:14:22"}
{"level":"info","message":"[RESPONSE] Responded to GET request at /v1/api/shopping/my-cart in 16ms"}
{"level":"info","message":"[REQUEST] Received GET request at /v1/api/admin/category?perPage=5&page=3"}
{"level":"info","message":"[RESPONSE] Responded to GET request at /v1/api/admin/category?perPage=5&page=3 in 43ms"}
{"level":"info","message":"[REQUEST] Received GET request at /v1/api/admin/category?perPage=5&page=2"}
{"level":"info","message":"[RESPONSE] Responded to GET request at /v1/api/admin/category?perPage=5&page=2 in 12ms"}
{"level":"info","message":"[REQUEST] Received GET request at /v1/api/admin/category?perPage=5&page=4"}
{"level":"info","message":"[RESPONSE] Responded to GET request at /v1/api/admin/category?perPage=5&page=4 in 16ms"}
{"level":"info","message":"[REQUEST] Received PATCH request at /v1/api/admin/category/74"}
{"level":"info","message":"[RESPONSE] Responded to PATCH request at /v1/api/admin/category/74 in 83ms"}
{"level":"info","message":"[REQUEST] Received PATCH request at /v1/api/admin/category/77"}
{"level":"info","message":"[RESPONSE] Responded to PATCH request at /v1/api/admin/category/77 in 13ms"}
{"level":"info","message":"[REQUEST] Received PATCH request at /v1/api/admin/category/77"}
{"level":"info","message":"[REQUEST] Received PATCH request at /v1/api/admin/category/78"}
{"level":"info","message":"[RESPONSE] Responded to PATCH request at /v1/api/admin/category/77 in 27ms"}
{"level":"info","message":"[RESPONSE] Responded to PATCH request at /v1/api/admin/category/78 in 22ms"}
{"level":"info","message":"[REQUEST] Received GET request at /v1/api/admin/category?perPage=5&page=2"}
{"level":"info","message":"[RESPONSE] Responded to GET request at /v1/api/admin/category?perPage=5&page=2 in 19ms"}
{"level":"info","message":"[REQUEST] Received PATCH request at /v1/api/admin/category/78"}
{"level":"info","message":"[RESPONSE] Responded to PATCH request at /v1/api/admin/category/78 in 12ms"}
{"level":"info","message":"[REQUEST] Received GET request at /v1/api/admin/category?perPage=5&page=2"}
{"level":"info","message":"[RESPONSE] Responded to GET request at /v1/api/admin/category?perPage=5&page=2 in 5ms"}
{"level":"info","message":"[REQUEST] Received PATCH request at /v1/api/admin/category/79"}
{"level":"info","message":"[RESPONSE] Responded to PATCH request at /v1/api/admin/category/79 in 5ms"}
{"level":"info","message":"[REQUEST] Received PATCH request at /v1/api/admin/category/79"}
{"level":"info","message":"[RESPONSE] Responded to PATCH request at /v1/api/admin/category/79 in 56ms"}
{"level":"info","message":"[REQUEST] Received GET request at /v1/api/admin/category/59"}
{"level":"info","message":"[REQUEST] Received GET request at /v1/api/stores?page=1&perPage=5"}
{"level":"info","message":"[RESPONSE] Responded to GET request at /v1/api/stores?page=1&perPage=5 in 57ms"}
{"level":"info","message":"[REQUEST] Received GET request at /v1/api/users/me"}
{"level":"info","message":"[GET ME CONTROLLER] IN GET ME CONTROLLER ID 2"}
{"level":"info","message":"[RESPONSE] Responded to GET request at /v1/api/users/me in 38ms"}
{"level":"info","message":"[REQUEST] Received GET request at /v1/api/admin/category?perPage=5&page=1"}
{"level":"info","message":"[REQUEST] Received GET request at /v1/api/admin/category?perPage=4&page:1&search=name:"}
{"level":"info","message":"[RESPONSE] Responded to GET request at /v1/api/admin/category?perPage=4&page:1&search=name: in 8ms"}
{"level":"info","message":"[RESPONSE] Responded to GET request at /v1/api/admin/category?perPage=5&page=1 in 10ms"}
{"level":"info","message":"[REQUEST] Received GET request at /v1/api/admin/category?perPage=5&page=2"}
{"level":"info","message":"[RESPONSE] Responded to GET request at /v1/api/admin/category?perPage=5&page=2 in 16ms"}
{"level":"info","message":"[REQUEST] Received GET request at /v1/api/admin/category?perPage=4&page:1&search=name:z"}
{"level":"info","message":"[RESPONSE] Responded to GET request at /v1/api/admin/category?perPage=4&page:1&search=name:z in 69ms"}
{"level":"info","message":"[APP] SERVER IS NOW LISTENING AT PORT  3000"}
{"level":"info","message":"[REQUEST] Received DELETE request at /v1/api/admin/category/66"}
{"level":"info","message":"[RESPONSE] Responded to DELETE request at /v1/api/admin/category/66 in 30ms"}
{"level":"info","message":"[REQUEST] Received GET request at /v1/api/admin/category?perPage=4&page:1&search=name:"}
{"level":"info","message":"[RESPONSE] Responded to GET request at /v1/api/admin/category?perPage=4&page:1&search=name: in 8ms"}
{"level":"info","message":"[REQUEST] Received GET request at /v1/api/admin/category?perPage=4&page:1&search=name:h"}
{"level":"info","message":"[REQUEST] Received GET request at /v1/api/admin/category?perPage=4&page:1&search=name:hh"}
{"level":"info","message":"[REQUEST] Received GET request at /v1/api/admin/category?perPage=5&page=1"}
{"level":"info","message":"[RESPONSE] Responded to GET request at /v1/api/admin/category?perPage=4&page:1&search=name:h in 22ms"}
{"level":"info","message":"[RESPONSE] Responded to GET request at /v1/api/admin/category?perPage=4&page:1&search=name:hh in 25ms"}
{"level":"info","message":"[RESPONSE] Responded to GET request at /v1/api/admin/category?perPage=5&page=1 in 25ms"}
{"level":"info","message":"[REQUEST] Received DELETE request at /v1/api/admin/category/68"}
{"level":"info","message":"[RESPONSE] Responded to DELETE request at /v1/api/admin/category/68 in 20ms"}
{"level":"info","message":"[REQUEST] Received GET request at /v1/api/admin/category?perPage=4&page:1&search=name:"}
{"level":"info","message":"[RESPONSE] Responded to GET request at /v1/api/admin/category?perPage=4&page:1&search=name: in 8ms"}
{"level":"info","message":"[REQUEST] Received GET request at /v1/api/admin/category?perPage=5&page=1"}
{"level":"info","message":"[RESPONSE] Responded to GET request at /v1/api/admin/category?perPage=5&page=1 in 6ms"}
{"level":"info","message":"[REQUEST] Received GET request at /v1/api/shopping/my-cart"}
{"level":"info","message":"[APP] SERVER IS NOW LISTENING AT PORT  3000"}
{"level":"info","message":"[APP] SERVER IS NOW LISTENING AT PORT  3000"}
{"level":"info","message":"[REQUEST] Received GET request at /v1/api/shopping/my-cart"}
{"level":"info","message":"[APP] SERVER IS NOW LISTENING AT PORT  3000"}
{"level":"info","message":"[REQUEST] Received GET request at /v1/api/admin/category?perPage=4&page:1&search=name:"}
{"level":"info","message":"[RESPONSE] Responded to GET request at /v1/api/admin/category?perPage=4&page:1&search=name: in 26ms"}
{"level":"info","message":"[REQUEST] Received GET request at /v1/api/admin/category?perPage=4&page:1&search=name:%C3%A9s"}
{"level":"info","message":"[REQUEST] Received GET request at /v1/api/admin/category?perPage=4&page:1&search=name:%C3%A9"}
{"level":"info","message":"[REQUEST] Received GET request at /v1/api/admin/category?perPage=5&page=2"}
{"level":"info","message":"[REQUEST] Received GET request at /v1/api/admin/category?perPage=5&page=1"}
{"level":"info","message":"[REQUEST] Received GET request at /v1/api/admin/category?perPage=4&page:1&search=name:%C3%A9s%C3%A9"}
{"level":"info","message":"[RESPONSE] Responded to GET request at /v1/api/admin/category?perPage=4&page:1&search=name:%C3%A9s in 19ms"}
{"level":"info","message":"[RESPONSE] Responded to GET request at /v1/api/admin/category?perPage=4&page:1&search=name:%C3%A9 in 26ms"}
{"level":"info","message":"[RESPONSE] Responded to GET request at /v1/api/admin/category?perPage=5&page=2 in 25ms"}
{"level":"info","message":"[RESPONSE] Responded to GET request at /v1/api/admin/category?perPage=4&page:1&search=name:%C3%A9s%C3%A9 in 20ms"}
{"level":"info","message":"[RESPONSE] Responded to GET request at /v1/api/admin/category?perPage=5&page=1 in 25ms"}
{"level":"info","message":"[REQUEST] Received GET request at /v1/api/admin/category?perPage=4&page:1&search=name:%C3%A9s%C3%A9%C3%A9"}
{"level":"info","message":"[RESPONSE] Responded to GET request at /v1/api/admin/category?perPage=4&page:1&search=name:%C3%A9s%C3%A9%C3%A9 in 4ms"}
{"level":"info","message":"[REQUEST] Received GET request at /v1/api/admin/category?perPage=4&page:1&search=name:$"}
{"level":"info","message":"[REQUEST] Received GET request at /v1/api/admin/category?perPage=4&page:1&search=name:%C3%A9s%C3%A9%C3%A9s"}
{"level":"info","message":"[RESPONSE] Responded to GET request at /v1/api/admin/category?perPage=4&page:1&search=name:$ in 4ms"}
{"level":"info","message":"[RESPONSE] Responded to GET request at /v1/api/admin/category?perPage=4&page:1&search=name:%C3%A9s%C3%A9%C3%A9s in 4ms"}
{"level":"info","message":"[REQUEST] Received GET request at /v1/api/users/me"}
{"level":"info","message":"[GET ME CONTROLLER] IN GET ME CONTROLLER ID 2"}
{"level":"info","message":"[RESPONSE] Responded to GET request at /v1/api/users/me in 12ms"}
{"level":"info","message":"[REQUEST] Received GET request at /v1/api/users/?role=vendor"}
{"level":"info","message":"[RESPONSE] Responded to GET request at /v1/api/users/?role=vendor in 10ms"}
{"level":"info","message":"[REQUEST] Received GET request at /v1/api/users/me"}
{"level":"info","message":"[GET ME CONTROLLER] IN GET ME CONTROLLER ID 2"}
{"level":"info","message":"[RESPONSE] Responded to GET request at /v1/api/users/me in 8ms"}
{"level":"info","message":"[REQUEST] Received GET request at /v1/api/users/?role=vendor"}
{"level":"info","message":"[RESPONSE] Responded to GET request at /v1/api/users/?role=vendor in 10ms"}
{"level":"info","message":"[APP] SERVER IS NOW LISTENING AT PORT  3000"}
{"level":"info","message":"[APP] SERVER IS NOW LISTENING AT PORT  3000"}
{"level":"info","message":"[REQUEST] Received GET request at /v1/api/shopping/my-cart"}
{"level":"info","message":"[APP] SERVER IS NOW LISTENING AT PORT  3000"}
{"level":"info","message":"[APP] SERVER IS NOW LISTENING AT PORT  3000"}
{"level":"info","message":"[REQUEST] Received GET request at /v1/api/shopping/my-cart"}
{"level":"error","message":"[ERROR] you have not a cart ","trace":"Error: you have not a cart \n    at ExceptionsService.notFoundException (/Users/macmini/Desktop/projects/softyshop-backend/app/src/v1/core/errors/exceptions.ts:61:11)\n    at /Users/macmini/Desktop/projects/softyshop-backend/app/src/v1/presenters/controllers/api/cartProduct/getUserCartProduct.controller.ts:15:26\n    at Layer.handle [as handle_request] (/Users/macmini/Desktop/projects/softyshop-backend/node_modules/express/lib/router/layer.js:95:5)\n    at next (/Users/macmini/Desktop/projects/softyshop-backend/node_modules/express/lib/router/route.js:144:13)\n    at Route.dispatch (/Users/macmini/Desktop/projects/softyshop-backend/node_modules/express/lib/router/route.js:114:3)\n    at Layer.handle [as handle_request] (/Users/macmini/Desktop/projects/softyshop-backend/node_modules/express/lib/router/layer.js:95:5)\n    at /Users/macmini/Desktop/projects/softyshop-backend/node_modules/express/lib/router/index.js:284:15\n    at Function.process_params (/Users/macmini/Desktop/projects/softyshop-backend/node_modules/express/lib/router/index.js:346:12)\n    at next (/Users/macmini/Desktop/projects/softyshop-backend/node_modules/express/lib/router/index.js:280:10)\n    at isAuthentictedMiddleware (/Users/macmini/Desktop/projects/softyshop-backend/app/src/v1/presenters/middlewares/auth/isAuthenticated.middleware.ts:67:5)"}
{"level":"error","message":"[ERROR] you have not a cart "}
{"level":"info","message":"[RESPONSE] Responded to GET request at /v1/api/shopping/my-cart in 35ms"}
{"level":"info","message":"[REQUEST] Received GET request at /v1/api/users/me"}
{"level":"info","message":"[GET ME CONTROLLER] IN GET ME CONTROLLER ID 2"}
{"level":"info","message":"[RESPONSE] Responded to GET request at /v1/api/users/me in 68ms"}
{"level":"info","message":"[REQUEST] Received GET request at /v1/api/users/me"}
{"level":"info","message":"[GET ME CONTROLLER] IN GET ME CONTROLLER ID 2"}
{"level":"info","message":"[RESPONSE] Responded to GET request at /v1/api/users/me in 91ms"}
{"level":"info","message":"[REQUEST] Received GET request at /v1/api/users/me"}
{"level":"info","message":"[GET ME CONTROLLER] IN GET ME CONTROLLER ID 2"}
{"level":"info","message":"[RESPONSE] Responded to GET request at /v1/api/users/me in 23ms"}
{"level":"info","message":"[APP] SERVER IS NOW LISTENING AT PORT  3000"}
{"level":"info","message":"[APP] SERVER IS NOW LISTENING AT PORT  3000"}
{"level":"info","message":"[APP] SERVER IS NOW LISTENING AT PORT  3000"}
{"level":"info","message":"[APP] SERVER IS NOW LISTENING AT PORT  3000"}
{"level":"info","message":"[REQUEST] Received POST request at /v1/api/shopping/my-cart"}
{"level":"error","message":"[ERROR] you have not a cart ","trace":"Error: you have not a cart \n    at ExceptionsService.notFoundException (/Users/macmini/Desktop/projects/softyshop-backend/app/src/v1/core/errors/exceptions.ts:61:11)\n    at /Users/macmini/Desktop/projects/softyshop-backend/app/src/v1/presenters/controllers/api/cartProduct/addProductToCart.controller.ts:14:26\n    at Layer.handle [as handle_request] (/Users/macmini/Desktop/projects/softyshop-backend/node_modules/express/lib/router/layer.js:95:5)\n    at next (/Users/macmini/Desktop/projects/softyshop-backend/node_modules/express/lib/router/route.js:144:13)\n    at next (/Users/macmini/Desktop/projects/softyshop-backend/node_modules/express/lib/router/route.js:140:7)\n    at Route.dispatch (/Users/macmini/Desktop/projects/softyshop-backend/node_modules/express/lib/router/route.js:114:3)\n    at Layer.handle [as handle_request] (/Users/macmini/Desktop/projects/softyshop-backend/node_modules/express/lib/router/layer.js:95:5)\n    at /Users/macmini/Desktop/projects/softyshop-backend/node_modules/express/lib/router/index.js:284:15\n    at Function.process_params (/Users/macmini/Desktop/projects/softyshop-backend/node_modules/express/lib/router/index.js:346:12)\n    at next (/Users/macmini/Desktop/projects/softyshop-backend/node_modules/express/lib/router/index.js:280:10)"}
{"level":"error","message":"[ERROR] you have not a cart "}
{"level":"info","message":"[RESPONSE] Responded to POST request at /v1/api/shopping/my-cart in 73ms"}
{"level":"info","message":"[REQUEST] Received DELETE request at /v1/api/shopping/my-cart/26"}
{"level":"error","message":"[ERROR] you have not a cart ","trace":"Error: you have not a cart \n    at ExceptionsService.notFoundException (/Users/macmini/Desktop/projects/softyshop-backend/app/src/v1/core/errors/exceptions.ts:61:11)\n    at /Users/macmini/Desktop/projects/softyshop-backend/app/src/v1/presenters/controllers/api/cartProduct/deleteProductFromCart.controller.ts:14:26\n    at Layer.handle [as handle_request] (/Users/macmini/Desktop/projects/softyshop-backend/node_modules/express/lib/router/layer.js:95:5)\n    at next (/Users/macmini/Desktop/projects/softyshop-backend/node_modules/express/lib/router/route.js:144:13)\n    at Route.dispatch (/Users/macmini/Desktop/projects/softyshop-backend/node_modules/express/lib/router/route.js:114:3)\n    at Layer.handle [as handle_request] (/Users/macmini/Desktop/projects/softyshop-backend/node_modules/express/lib/router/layer.js:95:5)\n    at /Users/macmini/Desktop/projects/softyshop-backend/node_modules/express/lib/router/index.js:284:15\n    at param (/Users/macmini/Desktop/projects/softyshop-backend/node_modules/express/lib/router/index.js:365:14)\n    at param (/Users/macmini/Desktop/projects/softyshop-backend/node_modules/express/lib/router/index.js:376:14)\n    at Function.process_params (/Users/macmini/Desktop/projects/softyshop-backend/node_modules/express/lib/router/index.js:421:3)"}
{"level":"error","message":"[ERROR] you have not a cart "}
{"level":"info","message":"[RESPONSE] Responded to DELETE request at /v1/api/shopping/my-cart/26 in 37ms"}
{"level":"info","message":"[REQUEST] Received POST request at /v1/auth/login"}
{"level":"info","message":"[LOGIN CONTROLLER] IN LOGIN EMAIl fadi@benromdhan.com"}
{"level":"info","message":"[LOGIN USE CASE] {\"id\":\"20\",\"email\":\"fadi@benromdhan.com\",\"isVerified\":true,\"picture\":\"http://localhost:3000/images/default.png\",\"firstName\":\"Fadi\",\"lastName\":\"Ben Romadhne\",\"role\":\"user\",\"phoneNumber\":\"99453658\",\"confirmation_token\":null,\"confirmed_email\":true}"}
{"level":"info","message":"[RESPONSE] Responded to POST request at /v1/auth/login in 137ms"}
{"level":"info","message":"[REQUEST] Received GET request at /v1/api/users/me"}
{"level":"info","message":"[GET ME CONTROLLER] IN GET ME CONTROLLER ID 2"}
{"level":"info","message":"[RESPONSE] Responded to GET request at /v1/api/users/me in 21ms"}
{"level":"info","message":"[REQUEST] Received GET request at /v1/api/users/me"}
{"level":"info","message":"[GET ME CONTROLLER] IN GET ME CONTROLLER ID 2"}
{"level":"info","message":"[RESPONSE] Responded to GET request at /v1/api/users/me in 18ms"}
{"level":"info","message":"[REQUEST] Received GET request at /v1/api/users/?role=vendor"}
{"level":"info","message":"[RESPONSE] Responded to GET request at /v1/api/users/?role=vendor in 30ms"}
{"level":"info","message":"[REQUEST] Received GET request at /v1/api/users/me"}
{"level":"info","message":"[GET ME CONTROLLER] IN GET ME CONTROLLER ID 2"}
{"level":"info","message":"[RESPONSE] Responded to GET request at /v1/api/users/me in 20ms"}
{"level":"info","message":"[REQUEST] Received GET request at /v1/api/users/?role=vendor"}
{"level":"info","message":"[RESPONSE] Responded to GET request at /v1/api/users/?role=vendor in 10ms"}
{"level":"info","message":"[APP] SERVER IS NOW LISTENING AT PORT  3000"}
{"level":"info","message":"[REQUEST] Received GET request at /v1/api/users/me"}
{"level":"info","message":"[GET ME CONTROLLER] IN GET ME CONTROLLER ID 2"}
{"level":"info","message":"[RESPONSE] Responded to GET request at /v1/api/users/me in 24ms"}
{"level":"info","message":"[REQUEST] Received GET request at /v1/api/users/?role=vendor"}
{"level":"info","message":"[RESPONSE] Responded to GET request at /v1/api/users/?role=vendor in 14ms"}
{"level":"info","message":"[APP] SERVER IS NOW LISTENING AT PORT  3000"}
{"level":"info","message":"[APP] SERVER IS NOW LISTENING AT PORT  3000"}
{"level":"info","message":"[REQUEST] Received GET request at /v1/api/users/me"}
{"level":"info","message":"[GET ME CONTROLLER] IN GET ME CONTROLLER ID 2"}
{"level":"info","message":"[RESPONSE] Responded to GET request at /v1/api/users/me in 43ms"}
{"level":"info","message":"[APP] SERVER IS NOW LISTENING AT PORT  3000"}
{"level":"info","message":"[REQUEST] Received GET request at /v1/api/users/me"}
{"level":"info","message":"[GET ME CONTROLLER] IN GET ME CONTROLLER ID 2"}
{"level":"info","message":"[RESPONSE] Responded to GET request at /v1/api/users/me in 62ms"}
{"level":"info","message":"[REQUEST] Received GET request at /v1/api/products?perPage=5&page=1"}
{"level":"info","message":"[RESPONSE] Responded to GET request at /v1/api/products?perPage=5&page=1 in 21ms"}
{"level":"info","message":"[APP] SERVER IS NOW LISTENING AT PORT  3000"}
{"level":"info","message":"[APP] SERVER IS NOW LISTENING AT PORT  3000"}
{"level":"info","message":"[APP] SERVER IS NOW LISTENING AT PORT  3000"}
{"level":"info","message":"[APP] SERVER IS NOW LISTENING AT PORT  3000"}
{"level":"info","message":"[APP] SERVER IS NOW LISTENING AT PORT  3000"}
{"level":"info","message":"[APP] SERVER IS NOW LISTENING AT PORT  3000"}
{"level":"info","message":"[APP] SERVER IS NOW LISTENING AT PORT  3000"}
{"level":"info","message":"[APP] SERVER IS NOW LISTENING AT PORT  3000"}
{"level":"info","message":"[APP] SERVER IS NOW LISTENING AT PORT  3000"}
{"level":"info","message":"[APP] SERVER IS NOW LISTENING AT PORT  3000"}
{"level":"info","message":"[APP] SERVER IS NOW LISTENING AT PORT  3000"}
{"level":"info","message":"[APP] SERVER IS NOW LISTENING AT PORT  3000"}
{"level":"info","message":"[APP] SERVER IS NOW LISTENING AT PORT  3000"}
{"level":"info","message":"[APP] SERVER IS NOW LISTENING AT PORT  3000"}
{"level":"info","message":"[APP] SERVER IS NOW LISTENING AT PORT  3000"}
{"level":"info","message":"[APP] SERVER IS NOW LISTENING AT PORT  3000"}
{"level":"info","message":"[REQUEST] Received GET request at /v1/api/users/me"}
{"level":"info","message":"[GET ME CONTROLLER] IN GET ME CONTROLLER ID 20"}
{"level":"error","message":"[ERROR] This Account Doesn't Exist","trace":"Error: This Account Doesn't Exist\n    at ExceptionsService.notFoundException (/Users/macmini/Desktop/projects/softyshop-backend/app/src/v1/core/errors/exceptions.ts:61:11)\n    at /Users/macmini/Desktop/projects/softyshop-backend/app/src/v1/usecases/api/users/getMyProfile.usecase.ts:29:24\n    at processTicksAndRejections (node:internal/process/task_queues:95:5)\n    at async /Users/macmini/Desktop/projects/softyshop-backend/app/src/v1/presenters/controllers/auth/getMe.controller.ts:16:22"}
{"level":"error","message":"[ERROR] This Account Doesn't Exist"}
{"level":"info","message":"[RESPONSE] Responded to GET request at /v1/api/users/me in 137ms"}
{"level":"info","message":"[REQUEST] Received GET request at /v1/api/users/me"}
{"level":"info","message":"[GET ME CONTROLLER] IN GET ME CONTROLLER ID 20"}
{"level":"error","message":"[ERROR] This Account Doesn't Exist","trace":"Error: This Account Doesn't Exist\n    at ExceptionsService.notFoundException (/Users/macmini/Desktop/projects/softyshop-backend/app/src/v1/core/errors/exceptions.ts:61:11)\n    at /Users/macmini/Desktop/projects/softyshop-backend/app/src/v1/usecases/api/users/getMyProfile.usecase.ts:29:24\n    at processTicksAndRejections (node:internal/process/task_queues:95:5)\n    at async /Users/macmini/Desktop/projects/softyshop-backend/app/src/v1/presenters/controllers/auth/getMe.controller.ts:16:22"}
{"level":"error","message":"[ERROR] This Account Doesn't Exist"}
{"level":"info","message":"[RESPONSE] Responded to GET request at /v1/api/users/me in 90ms"}
{"level":"info","message":"[REQUEST] Received POST request at /v1/auth/register"}
{"level":"info","message":"[REGISTER USE CASE] {\"id\":\"6c4ec794-9ea6-44ac-ab3f-56c7dee40f78\",\"email\":\"admin@gmail.com\",\"isVerified\":true,\"picture\":\"http://localhost:3000/images/default.png\",\"firstName\":\"amine\",\"lastName\":\"slimani\",\"role\":\"admin\",\"phoneNumber\":\"56251081\",\"confirmation_token\":null,\"confirmed_email\":true}"}
{"level":"info","message":"[RESPONSE] Responded to POST request at /v1/auth/register in 202ms"}
{"level":"info","message":"[REQUEST] Received POST request at /v1/auth/login"}
{"level":"info","message":"[LOGIN CONTROLLER] IN LOGIN EMAIl admin@gmail.com"}
{"level":"info","message":"[LOGIN USE CASE] {\"id\":\"6c4ec794-9ea6-44ac-ab3f-56c7dee40f78\",\"email\":\"admin@gmail.com\",\"isVerified\":true,\"picture\":\"http://localhost:3000/images/default.png\",\"firstName\":\"amine\",\"lastName\":\"slimani\",\"role\":\"admin\",\"phoneNumber\":\"56251081\",\"confirmation_token\":null,\"confirmed_email\":true}"}
{"level":"info","message":"[RESPONSE] Responded to POST request at /v1/auth/login in 127ms"}
{"level":"info","message":"[REQUEST] Received POST request at /v1/api/admin/category"}
{"level":"info","message":"[RESPONSE] Responded to POST request at /v1/api/admin/category in 275ms"}
{"level":"info","message":"[REQUEST] Received GET request at /v1/api/users/me"}
{"level":"info","message":"[GET ME CONTROLLER] IN GET ME CONTROLLER ID 20"}
{"level":"error","message":"[ERROR] This Account Doesn't Exist","trace":"Error: This Account Doesn't Exist\n    at ExceptionsService.notFoundException (/Users/macmini/Desktop/projects/softyshop-backend/app/src/v1/core/errors/exceptions.ts:61:11)\n    at /Users/macmini/Desktop/projects/softyshop-backend/app/src/v1/usecases/api/users/getMyProfile.usecase.ts:29:24\n    at processTicksAndRejections (node:internal/process/task_queues:95:5)\n    at async /Users/macmini/Desktop/projects/softyshop-backend/app/src/v1/presenters/controllers/auth/getMe.controller.ts:16:22"}
{"level":"error","message":"[ERROR] This Account Doesn't Exist"}
{"level":"info","message":"[RESPONSE] Responded to GET request at /v1/api/users/me in 89ms"}
{"level":"info","message":"[REQUEST] Received POST request at /v1/api/stores"}
{"level":"error","message":"[ERROR] Validation Error","trace":"Error: Validation Error\n    at ExceptionsService.unprocessabhleEntityException (/Users/macmini/Desktop/projects/softyshop-backend/app/src/v1/core/errors/exceptions.ts:67:11)\n    at /Users/macmini/Desktop/projects/softyshop-backend/app/src/v1/presenters/middlewares/schemas/validateSchema.middleware.ts:39:26\n    at Layer.handle [as handle_request] (/Users/macmini/Desktop/projects/softyshop-backend/node_modules/express/lib/router/layer.js:95:5)\n    at next (/Users/macmini/Desktop/projects/softyshop-backend/node_modules/express/lib/router/route.js:144:13)\n    at next (/Users/macmini/Desktop/projects/softyshop-backend/node_modules/express/lib/router/route.js:140:7)\n    at next (/Users/macmini/Desktop/projects/softyshop-backend/node_modules/express/lib/router/route.js:140:7)\n    at Route.dispatch (/Users/macmini/Desktop/projects/softyshop-backend/node_modules/express/lib/router/route.js:114:3)\n    at Layer.handle [as handle_request] (/Users/macmini/Desktop/projects/softyshop-backend/node_modules/express/lib/router/layer.js:95:5)\n    at /Users/macmini/Desktop/projects/softyshop-backend/node_modules/express/lib/router/index.js:284:15\n    at Function.process_params (/Users/macmini/Desktop/projects/softyshop-backend/node_modules/express/lib/router/index.js:346:12)"}
{"level":"error","message":"[ERROR] Validation Error"}
{"level":"info","message":"[RESPONSE] Responded to POST request at /v1/api/stores in 55ms"}
{"level":"info","message":"[REQUEST] Received POST request at /v1/api/stores"}
{"level":"error","message":"[ERROR] Vendor not found","trace":"Error: Vendor not found\n    at ExceptionsService.notFoundException (/Users/macmini/Desktop/projects/softyshop-backend/app/src/v1/core/errors/exceptions.ts:61:11)\n    at Object.createStore (/Users/macmini/Desktop/projects/softyshop-backend/app/src/v1/data/repositories/store.repository.ts:46:24)\n    at processTicksAndRejections (node:internal/process/task_queues:95:5)\n    at async /Users/macmini/Desktop/projects/softyshop-backend/app/src/v1/usecases/api/store/createStore.usecase.ts:33:26\n    at async /Users/macmini/Desktop/projects/softyshop-backend/app/src/v1/presenters/controllers/api/stores/createStore.controller.ts:11:22"}
{"level":"error","message":"[ERROR] Vendor not found"}
{"level":"info","message":"[RESPONSE] Responded to POST request at /v1/api/stores in 77ms"}
{"level":"info","message":"[REQUEST] Received POST request at /v1/auth/register"}
{"level":"info","message":"[REGISTER USE CASE] {\"id\":\"b68a6e4e-ae7c-4a87-b86b-6f797cde9574\",\"email\":\"vendor001@gmail.com\",\"isVerified\":true,\"picture\":\"http://localhost:3000/images/default.png\",\"firstName\":\"vendor\",\"lastName\":\"001\",\"role\":\"vendor\",\"phoneNumber\":\"56251081\",\"confirmation_token\":null,\"confirmed_email\":true,\"cart\":{\"id\":1,\"totalQuantity\":0,\"totalAmount\":0}}"}
{"level":"info","message":"[RESPONSE] Responded to POST request at /v1/auth/register in 209ms"}
{"level":"info","message":"[REQUEST] Received POST request at /v1/api/stores"}
{"level":"info","message":"[RESPONSE] Responded to POST request at /v1/api/stores in 39ms"}
{"level":"info","message":"[REQUEST] Received POST request at /v1/api/stores/1/brands"}
{"level":"info","message":"[RESPONSE] Responded to POST request at /v1/api/stores/1/brands in 64ms"}
{"level":"info","message":"[REQUEST] Received POST request at /v1/api/stores/1/productCreators"}
{"level":"info","message":"[RESPONSE] Responded to POST request at /v1/api/stores/1/productCreators in 110ms"}
{"level":"info","message":"[REQUEST] Received POST request at /v1/api/stores/5/products"}
{"level":"info","message":"[RESPONSE] Responded to POST request at /v1/api/stores/5/products in 32ms"}
{"level":"info","message":"[REQUEST] Received POST request at /v1/api/stores/1/products"}
{"level":"info","message":"[RESPONSE] Responded to POST request at /v1/api/stores/1/products in 65ms"}
{"level":"info","message":"[APP] SERVER IS NOW LISTENING AT PORT  3000"}
{"level":"info","message":"[REQUEST] Received GET request at /v1/api/users/me"}
{"level":"info","message":"[GET ME CONTROLLER] IN GET ME CONTROLLER ID 20"}
{"level":"error","message":"[ERROR] This Account Doesn't Exist","trace":"Error: This Account Doesn't Exist\n    at ExceptionsService.notFoundException (/Users/macmini/Desktop/projects/softyshop-backend/app/src/v1/core/errors/exceptions.ts:61:11)\n    at /Users/macmini/Desktop/projects/softyshop-backend/app/src/v1/usecases/api/users/getMyProfile.usecase.ts:29:24\n    at processTicksAndRejections (node:internal/process/task_queues:95:5)\n    at async /Users/macmini/Desktop/projects/softyshop-backend/app/src/v1/presenters/controllers/auth/getMe.controller.ts:16:22"}
{"level":"error","message":"[ERROR] This Account Doesn't Exist"}
{"level":"info","message":"[RESPONSE] Responded to GET request at /v1/api/users/me in 76ms"}
{"level":"info","message":"[REQUEST] Received GET request at /v1/api/users/me"}
{"level":"info","message":"[GET ME CONTROLLER] IN GET ME CONTROLLER ID 20"}
{"level":"error","message":"[ERROR] This Account Doesn't Exist","trace":"Error: This Account Doesn't Exist\n    at ExceptionsService.notFoundException (/Users/macmini/Desktop/projects/softyshop-backend/app/src/v1/core/errors/exceptions.ts:61:11)\n    at /Users/macmini/Desktop/projects/softyshop-backend/app/src/v1/usecases/api/users/getMyProfile.usecase.ts:29:24\n    at processTicksAndRejections (node:internal/process/task_queues:95:5)\n    at async /Users/macmini/Desktop/projects/softyshop-backend/app/src/v1/presenters/controllers/auth/getMe.controller.ts:16:22"}
{"level":"error","message":"[ERROR] This Account Doesn't Exist"}
{"level":"info","message":"[RESPONSE] Responded to GET request at /v1/api/users/me in 21ms"}
{"level":"info","message":"[REQUEST] Received GET request at /v1/api/users/me"}
{"level":"info","message":"[GET ME CONTROLLER] IN GET ME CONTROLLER ID 20"}
{"level":"error","message":"[ERROR] This Account Doesn't Exist","trace":"Error: This Account Doesn't Exist\n    at ExceptionsService.notFoundException (/Users/macmini/Desktop/projects/softyshop-backend/app/src/v1/core/errors/exceptions.ts:61:11)\n    at /Users/macmini/Desktop/projects/softyshop-backend/app/src/v1/usecases/api/users/getMyProfile.usecase.ts:29:24\n    at processTicksAndRejections (node:internal/process/task_queues:95:5)\n    at async /Users/macmini/Desktop/projects/softyshop-backend/app/src/v1/presenters/controllers/auth/getMe.controller.ts:16:22"}
{"level":"error","message":"[ERROR] This Account Doesn't Exist"}
{"level":"info","message":"[RESPONSE] Responded to GET request at /v1/api/users/me in 18ms"}
{"level":"info","message":"[REQUEST] Received GET request at /v1/api/users/me"}
{"level":"info","message":"[GET ME CONTROLLER] IN GET ME CONTROLLER ID 20"}
{"level":"error","message":"[ERROR] This Account Doesn't Exist","trace":"Error: This Account Doesn't Exist\n    at ExceptionsService.notFoundException (/Users/macmini/Desktop/projects/softyshop-backend/app/src/v1/core/errors/exceptions.ts:61:11)\n    at /Users/macmini/Desktop/projects/softyshop-backend/app/src/v1/usecases/api/users/getMyProfile.usecase.ts:29:24\n    at processTicksAndRejections (node:internal/process/task_queues:95:5)\n    at async /Users/macmini/Desktop/projects/softyshop-backend/app/src/v1/presenters/controllers/auth/getMe.controller.ts:16:22"}
{"level":"error","message":"[ERROR] This Account Doesn't Exist"}
{"level":"info","message":"[RESPONSE] Responded to GET request at /v1/api/users/me in 14ms"}
{"level":"info","message":"[REQUEST] Received GET request at /v1/api/users/me"}
{"level":"info","message":"[GET ME CONTROLLER] IN GET ME CONTROLLER ID 20"}
{"level":"error","message":"[ERROR] This Account Doesn't Exist","trace":"Error: This Account Doesn't Exist\n    at ExceptionsService.notFoundException (/Users/macmini/Desktop/projects/softyshop-backend/app/src/v1/core/errors/exceptions.ts:61:11)\n    at /Users/macmini/Desktop/projects/softyshop-backend/app/src/v1/usecases/api/users/getMyProfile.usecase.ts:29:24\n    at processTicksAndRejections (node:internal/process/task_queues:95:5)\n    at async /Users/macmini/Desktop/projects/softyshop-backend/app/src/v1/presenters/controllers/auth/getMe.controller.ts:16:22"}
{"level":"error","message":"[ERROR] This Account Doesn't Exist"}
{"level":"info","message":"[RESPONSE] Responded to GET request at /v1/api/users/me in 13ms"}
{"level":"info","message":"[REQUEST] Received GET request at /v1/api/users/me"}
{"level":"info","message":"[GET ME CONTROLLER] IN GET ME CONTROLLER ID 20"}
{"level":"error","message":"[ERROR] This Account Doesn't Exist","trace":"Error: This Account Doesn't Exist\n    at ExceptionsService.notFoundException (/Users/macmini/Desktop/projects/softyshop-backend/app/src/v1/core/errors/exceptions.ts:61:11)\n    at /Users/macmini/Desktop/projects/softyshop-backend/app/src/v1/usecases/api/users/getMyProfile.usecase.ts:29:24\n    at processTicksAndRejections (node:internal/process/task_queues:95:5)\n    at async /Users/macmini/Desktop/projects/softyshop-backend/app/src/v1/presenters/controllers/auth/getMe.controller.ts:16:22"}
{"level":"error","message":"[ERROR] This Account Doesn't Exist"}
{"level":"info","message":"[RESPONSE] Responded to GET request at /v1/api/users/me in 22ms"}
{"level":"info","message":"[REQUEST] Received GET request at /v1/api/users/me"}
{"level":"info","message":"[GET ME CONTROLLER] IN GET ME CONTROLLER ID 20"}
{"level":"error","message":"[ERROR] This Account Doesn't Exist","trace":"Error: This Account Doesn't Exist\n    at ExceptionsService.notFoundException (/Users/macmini/Desktop/projects/softyshop-backend/app/src/v1/core/errors/exceptions.ts:61:11)\n    at /Users/macmini/Desktop/projects/softyshop-backend/app/src/v1/usecases/api/users/getMyProfile.usecase.ts:29:24\n    at processTicksAndRejections (node:internal/process/task_queues:95:5)\n    at async /Users/macmini/Desktop/projects/softyshop-backend/app/src/v1/presenters/controllers/auth/getMe.controller.ts:16:22"}
{"level":"error","message":"[ERROR] This Account Doesn't Exist"}
{"level":"info","message":"[RESPONSE] Responded to GET request at /v1/api/users/me in 10ms"}
