{"level":"info","message":"[APP] SERVER IS NOW LISTENING AT PORT  3000"}
{"level":"info","message":"[APP] SERVER IS NOW LISTENING AT PORT  3000"}
{"level":"info","message":"[APP] SERVER IS NOW LISTENING AT PORT  3000"}
{"level":"info","message":"[REQUEST] Received POST request at /v1/auth/register"}
{"level":"error","message":"[ERROR] An Account With The Given Email Already Exists","trace":"Error: An Account With The Given Email Already Exists\n    at ExceptionsService.badRequestException (/Users/macmini/Desktop/NodeExpressStarter/app/src/v1/core/errors/exceptions.ts:56:11)\n    at /Users/macmini/Desktop/NodeExpressStarter/app/src/v1/usecases/auth/register.usecase.ts:35:24\n    at processTicksAndRejections (node:internal/process/task_queues:95:5)\n    at async /Users/macmini/Desktop/NodeExpressStarter/app/src/v1/presenters/controllers/auth/register.controller.ts:15:20\n    at async /Users/macmini/Desktop/NodeExpressStarter/app/src/v1/presenters/middlewares/controllers/transactional.controller.ts:13:9\n    at async EntityManager.transaction (/Users/macmini/Desktop/NodeExpressStarter/node_modules/src/entity-manager/EntityManager.ts:154:28)\n    at async /Users/macmini/Desktop/NodeExpressStarter/app/src/v1/presenters/middlewares/controllers/transactional.controller.ts:11:7"}
{"level":"error","message":"[ERROR] An Account With The Given Email Already Exists"}
{"level":"info","message":"[RESPONSE] Responded to POST request at /v1/auth/register in 18ms"}
{"level":"info","message":"[APP] SERVER IS NOW LISTENING AT PORT  3000"}
{"level":"info","message":"[REQUEST] Received POST request at /v1/auth/register"}
{"level":"error","message":"[ERROR] Duplicate entry 'admin' for key 'users.IDX_ffc81a3b97dcbf8e320d5106c0'","trace":"QueryFailedError: Duplicate entry 'admin' for key 'users.IDX_ffc81a3b97dcbf8e320d5106c0'\n    at Query.onResult (/Users/macmini/Desktop/NodeExpressStarter/node_modules/typeorm/src/driver/mysql/MysqlQueryRunner.ts:222:33)\n    at Query.execute (/Users/macmini/Desktop/NodeExpressStarter/node_modules/mysql2/lib/commands/command.js:36:14)\n    at PoolConnection.handlePacket (/Users/macmini/Desktop/NodeExpressStarter/node_modules/mysql2/lib/connection.js:478:34)\n    at PacketParser.onPacket (/Users/macmini/Desktop/NodeExpressStarter/node_modules/mysql2/lib/connection.js:97:12)\n    at PacketParser.executeStart (/Users/macmini/Desktop/NodeExpressStarter/node_modules/mysql2/lib/packet_parser.js:75:16)\n    at Socket.<anonymous> (/Users/macmini/Desktop/NodeExpressStarter/node_modules/mysql2/lib/connection.js:104:25)\n    at Socket.emit (node:events:518:28)\n    at Socket.emit (node:domain:488:12)\n    at addChunk (node:internal/streams/readable:559:12)\n    at readableAddChunkPushByteMode (node:internal/streams/readable:510:3)"}
{"level":"info","message":"[RESPONSE] Responded to POST request at /v1/auth/register in 121ms"}
{"level":"info","message":"[APP] SERVER IS NOW LISTENING AT PORT  3000"}
{"level":"info","message":"[APP] SERVER IS NOW LISTENING AT PORT  3000"}
{"level":"info","message":"[APP] SERVER IS NOW LISTENING AT PORT  3000"}
{"level":"info","message":"[REQUEST] Received POST request at /v1/auth/register"}
{"level":"info","message":"[REGISTER USE CASE] {\"id\":\"25\",\"email\":\"adminemail23@gmail.com\",\"isVerified\":false,\"picture\":\"http://localhost:3000/images/default.png\",\"username\":\"admin\",\"password\":\"$2a$10$te17aAb3iVRcIhWfAhXJpO1helepYavERlW.Wd72f5TDrQK8fA3.6\",\"role\":\"admin\",\"phoneNumber\":\"56251081\",\"confirmation_token\":null,\"confirmed_email\":false}"}
{"level":"error","message":"[MAILING] connect ECONNREFUSED ::1:587"}
{"level":"error","message":"[ERROR] Error Occured While Sending The Email, Please Attempt Later","trace":"Error: Error Occured While Sending The Email, Please Attempt Later\n    at ExceptionsService.internalException (/Users/macmini/Desktop/NodeExpressStarter/app/src/v1/core/errors/exceptions.ts:71:11)\n    at /Users/macmini/Desktop/NodeExpressStarter/app/src/v1/usecases/api/mailing/mail.usercase.ts:60:24\n    at processTicksAndRejections (node:internal/process/task_queues:95:5)\n    at async Object.generateAndSendUserAccountVerificationEmail (/Users/macmini/Desktop/NodeExpressStarter/app/src/v1/usecases/auth/requestAccountVerification.usecase.ts:58:3)\n    at async /Users/macmini/Desktop/NodeExpressStarter/app/src/v1/usecases/auth/register.usecase.ts:56:5\n    at async /Users/macmini/Desktop/NodeExpressStarter/app/src/v1/presenters/controllers/auth/register.controller.ts:15:20\n    at async /Users/macmini/Desktop/NodeExpressStarter/app/src/v1/presenters/middlewares/controllers/transactional.controller.ts:13:9\n    at async EntityManager.transaction (/Users/macmini/Desktop/NodeExpressStarter/node_modules/src/entity-manager/EntityManager.ts:154:28)\n    at async /Users/macmini/Desktop/NodeExpressStarter/app/src/v1/presenters/middlewares/controllers/transactional.controller.ts:11:7"}
{"level":"error","message":"[ERROR] Error Occured While Sending The Email, Please Attempt Later"}
{"level":"info","message":"[RESPONSE] Responded to POST request at /v1/auth/register in 199ms"}
{"level":"info","message":"[REQUEST] Received POST request at /v1/auth/register"}
{"level":"info","message":"[REGISTER USE CASE] {\"id\":\"26\",\"email\":\"adminemail23@gmail.com\",\"isVerified\":false,\"picture\":\"http://localhost:3000/images/default.png\",\"username\":\"admin\",\"password\":\"$2a$10$7PTinu7HRrbyNscxxGC18.UwFKKJPcNeM6CBRq6aCQslYTA01Xhue\",\"role\":\"admin\",\"phoneNumber\":\"56251081\",\"confirmation_token\":null,\"confirmed_email\":false}"}
{"level":"error","message":"[MAILING] connect ECONNREFUSED ::1:587"}
{"level":"error","message":"[ERROR] Error Occured While Sending The Email, Please Attempt Later","trace":"Error: Error Occured While Sending The Email, Please Attempt Later\n    at ExceptionsService.internalException (/Users/macmini/Desktop/NodeExpressStarter/app/src/v1/core/errors/exceptions.ts:71:11)\n    at /Users/macmini/Desktop/NodeExpressStarter/app/src/v1/usecases/api/mailing/mail.usercase.ts:60:24\n    at processTicksAndRejections (node:internal/process/task_queues:95:5)\n    at async Object.generateAndSendUserAccountVerificationEmail (/Users/macmini/Desktop/NodeExpressStarter/app/src/v1/usecases/auth/requestAccountVerification.usecase.ts:58:3)\n    at async /Users/macmini/Desktop/NodeExpressStarter/app/src/v1/usecases/auth/register.usecase.ts:56:5\n    at async /Users/macmini/Desktop/NodeExpressStarter/app/src/v1/presenters/controllers/auth/register.controller.ts:15:20\n    at async /Users/macmini/Desktop/NodeExpressStarter/app/src/v1/presenters/middlewares/controllers/transactional.controller.ts:13:9\n    at async EntityManager.transaction (/Users/macmini/Desktop/NodeExpressStarter/node_modules/src/entity-manager/EntityManager.ts:154:28)\n    at async /Users/macmini/Desktop/NodeExpressStarter/app/src/v1/presenters/middlewares/controllers/transactional.controller.ts:11:7"}
{"level":"error","message":"[ERROR] Error Occured While Sending The Email, Please Attempt Later"}
{"level":"info","message":"[RESPONSE] Responded to POST request at /v1/auth/register in 121ms"}
{"level":"info","message":"[APP] SERVER IS NOW LISTENING AT PORT  3000"}
{"level":"info","message":"[REQUEST] Received POST request at /v1/auth/register"}
{"level":"info","message":"[REGISTER USE CASE] {\"id\":\"27\",\"email\":\"adminemail23@gmail.com\",\"isVerified\":false,\"picture\":\"http://localhost:3000/images/default.png\",\"username\":\"admin\",\"password\":\"$2a$10$NECRC2C0RcBEm6ZacWACz.HGDiaCgSY1kazlbYuzfapkNo8P80tKe\",\"role\":\"admin\",\"phoneNumber\":\"56251081\",\"confirmation_token\":null,\"confirmed_email\":false}"}
{"level":"info","message":"[RESPONSE] Responded to POST request at /v1/auth/register in 115ms"}
{"level":"info","message":"[APP] SERVER IS NOW LISTENING AT PORT  3000"}
{"level":"info","message":"[REQUEST] Received GET request at /v1/api/users/me"}
{"level":"error","message":"[ERROR] This token is not valid","trace":"Error: This token is not valid\n    at ExceptionsService.unauthorizedException (/Users/macmini/Desktop/NodeExpressStarter/app/src/v1/core/errors/exceptions.ts:59:11)\n    at validateAccessToken (/Users/macmini/Desktop/NodeExpressStarter/app/src/v1/presenters/middlewares/auth/isAuthenticated.middleware.ts:75:22)\n    at isAuthentictedMiddlewareNoVerificationNeeded (/Users/macmini/Desktop/NodeExpressStarter/app/src/v1/presenters/middlewares/auth/isAuthenticated.middleware.ts:58:24)\n    at Layer.handle [as handle_request] (/Users/macmini/Desktop/NodeExpressStarter/node_modules/express/lib/router/layer.js:95:5)\n    at next (/Users/macmini/Desktop/NodeExpressStarter/node_modules/express/lib/router/route.js:144:13)\n    at Route.dispatch (/Users/macmini/Desktop/NodeExpressStarter/node_modules/express/lib/router/route.js:114:3)\n    at Layer.handle [as handle_request] (/Users/macmini/Desktop/NodeExpressStarter/node_modules/express/lib/router/layer.js:95:5)\n    at /Users/macmini/Desktop/NodeExpressStarter/node_modules/express/lib/router/index.js:284:15\n    at Function.process_params (/Users/macmini/Desktop/NodeExpressStarter/node_modules/express/lib/router/index.js:346:12)\n    at next (/Users/macmini/Desktop/NodeExpressStarter/node_modules/express/lib/router/index.js:280:10)"}
{"level":"error","message":"[ERROR] This token is not valid"}
{"level":"info","message":"[RESPONSE] Responded to GET request at /v1/api/users/me in 18ms"}
{"level":"info","message":"[REQUEST] Received POST request at /v1/auth/register"}
{"level":"info","message":"[REGISTER USE CASE] {\"id\":\"28\",\"email\":\"user01@gmail.com\",\"isVerified\":false,\"picture\":\"http://localhost:3000/images/default.png\",\"username\":\"user01\",\"password\":\"$2a$10$ufTQMyflAWipFVzLxc0TdOYQWdQffqC7idBysjgFJp1SHXFTPvlEO\",\"role\":\"user\",\"phoneNumber\":\"56251081\",\"confirmation_token\":null,\"confirmed_email\":false}"}
{"level":"info","message":"[RESPONSE] Responded to POST request at /v1/auth/register in 120ms"}
{"level":"info","message":"[APP] SERVER IS NOW LISTENING AT PORT  3000"}
{"level":"info","message":"[APP] SERVER IS NOW LISTENING AT PORT  3000"}
{"level":"info","message":"[APP] SERVER IS NOW LISTENING AT PORT  3000"}
{"level":"info","message":"[REQUEST] Received POST request at /v1/auth/register"}
{"level":"info","message":"[REGISTER USE CASE] {\"id\":\"29\",\"email\":\"user02@gmail.com\",\"isVerified\":false,\"picture\":\"http://localhost:3000/images/default.png\",\"username\":\"user02\",\"password\":\"$2a$10$eDWrS65xzuiSMl3CpjIxEuDU42QU70lhmsuTDfgC3KPPxc/gcdJ0u\",\"role\":\"user\",\"phoneNumber\":\"56251081\",\"confirmation_token\":null,\"confirmed_email\":false}"}
{"level":"info","message":"[RESPONSE] Responded to POST request at /v1/auth/register in 126ms"}
{"level":"info","message":"[APP] SERVER IS NOW LISTENING AT PORT  3000"}
{"level":"info","message":"[REQUEST] Received GET request at /v1/api/users/me"}
{"level":"info","message":"[GET ME CONTROLLER] IN GET ME CONTROLLER ID 29"}
{"level":"info","message":"[RESPONSE] Responded to GET request at /v1/api/users/me in 12ms"}
{"level":"info","message":"[APP] SERVER IS NOW LISTENING AT PORT  3000"}
{"level":"info","message":"[APP] SERVER IS NOW LISTENING AT PORT  3000"}
{"level":"info","message":"[REQUEST] Received POST request at /v1/auth/register"}
{"level":"info","message":"[REGISTER USE CASE] {\"id\":\"1\",\"email\":\"admin@gmail.com\",\"isVerified\":false,\"picture\":\"http://localhost:3000/images/default.png\",\"username\":\"admin\",\"password\":\"$2a$10$iNC.Txx80L7YZ6tGaxrHDe1Lx92kJA5KeK48zRSZFs6twRipJsHDu\",\"role\":\"admin\",\"phoneNumber\":\"56251081\",\"confirmation_token\":null,\"confirmed_email\":false}"}
{"level":"info","message":"[RESPONSE] Responded to POST request at /v1/auth/register in 131ms"}
{"level":"info","message":"[APP] SERVER IS NOW LISTENING AT PORT  3000"}
{"level":"info","message":"[APP] SERVER IS NOW LISTENING AT PORT  3000"}
{"level":"info","message":"[REQUEST] Received POST request at /v1/auth/register"}
{"level":"info","message":"[REGISTER USE CASE] {\"id\":\"2\",\"email\":\"user01@gmail.com\",\"isVerified\":true,\"picture\":\"http://localhost:3000/images/default.png\",\"username\":\"user01\",\"password\":\"$2a$10$oyWW7.plP2z1LdIGSqilL.sDbqriUdbeBPXQ0LV2QH4zkgqNh8KK6\",\"role\":\"user\",\"phoneNumber\":\"56251081\",\"confirmation_token\":null,\"confirmed_email\":true}"}
{"level":"info","message":"[RESPONSE] Responded to POST request at /v1/auth/register in 120ms"}
{"level":"info","message":"[APP] SERVER IS NOW LISTENING AT PORT  3000"}
{"level":"info","message":"[REQUEST] Received GET request at /v1/api/users/me"}
{"level":"info","message":"[GET ME CONTROLLER] IN GET ME CONTROLLER ID 2"}
{"level":"info","message":"[RESPONSE] Responded to GET request at /v1/api/users/me in 15ms"}
{"level":"info","message":"[REQUEST] Received POST request at /v1/api/vendor/store"}
{"level":"info","message":"[RESPONSE] Responded to POST request at /v1/api/vendor/store in 33ms"}
{"level":"info","message":"[REQUEST] Received GET request at /v1/api/vendor/store/1"}
{"level":"error","message":"[ERROR] You must provide selection conditions in order to find a single row.","trace":"Error: You must provide selection conditions in order to find a single row.\n    at EntityManager.findOne (/Users/macmini/Desktop/NodeExpressStarter/node_modules/src/entity-manager/EntityManager.ts:1182:19)\n    at Object.findOne (/Users/macmini/Desktop/NodeExpressStarter/app/src/v1/data/repositories/store.reposotory.ts:10:38)\n    at /Users/macmini/Desktop/NodeExpressStarter/app/src/v1/usecases/api/store/getOneStore.usecase.ts:10:54\n    at /Users/macmini/Desktop/NodeExpressStarter/app/src/v1/presenters/controllers/api/store/getOneStore.controller.ts:13:28\n    at Layer.handle [as handle_request] (/Users/macmini/Desktop/NodeExpressStarter/node_modules/express/lib/router/layer.js:95:5)\n    at next (/Users/macmini/Desktop/NodeExpressStarter/node_modules/express/lib/router/route.js:144:13)\n    at next (/Users/macmini/Desktop/NodeExpressStarter/node_modules/express/lib/router/route.js:140:7)\n    at Route.dispatch (/Users/macmini/Desktop/NodeExpressStarter/node_modules/express/lib/router/route.js:114:3)\n    at Layer.handle [as handle_request] (/Users/macmini/Desktop/NodeExpressStarter/node_modules/express/lib/router/layer.js:95:5)\n    at /Users/macmini/Desktop/NodeExpressStarter/node_modules/express/lib/router/index.js:284:15"}
{"level":"info","message":"[RESPONSE] Responded to GET request at /v1/api/vendor/store/1 in 22ms"}
{"level":"info","message":"[APP] SERVER IS NOW LISTENING AT PORT  3000"}
{"level":"info","message":"[REQUEST] Received GET request at /v1/api/vendor/store/1"}
{"level":"error","message":"[ERROR] You must provide selection conditions in order to find a single row.","trace":"Error: You must provide selection conditions in order to find a single row.\n    at EntityManager.findOne (/Users/macmini/Desktop/NodeExpressStarter/node_modules/src/entity-manager/EntityManager.ts:1182:19)\n    at Object.findOne (/Users/macmini/Desktop/NodeExpressStarter/app/src/v1/data/repositories/store.reposotory.ts:10:38)\n    at /Users/macmini/Desktop/NodeExpressStarter/app/src/v1/usecases/api/store/getOneStore.usecase.ts:10:54\n    at /Users/macmini/Desktop/NodeExpressStarter/app/src/v1/presenters/controllers/api/store/getOneStore.controller.ts:13:28\n    at Layer.handle [as handle_request] (/Users/macmini/Desktop/NodeExpressStarter/node_modules/express/lib/router/layer.js:95:5)\n    at next (/Users/macmini/Desktop/NodeExpressStarter/node_modules/express/lib/router/route.js:144:13)\n    at next (/Users/macmini/Desktop/NodeExpressStarter/node_modules/express/lib/router/route.js:140:7)\n    at Route.dispatch (/Users/macmini/Desktop/NodeExpressStarter/node_modules/express/lib/router/route.js:114:3)\n    at Layer.handle [as handle_request] (/Users/macmini/Desktop/NodeExpressStarter/node_modules/express/lib/router/layer.js:95:5)\n    at /Users/macmini/Desktop/NodeExpressStarter/node_modules/express/lib/router/index.js:284:15"}
{"level":"info","message":"[RESPONSE] Responded to GET request at /v1/api/vendor/store/1 in 12ms"}
{"level":"info","message":"[APP] SERVER IS NOW LISTENING AT PORT  3000"}
{"level":"info","message":"[APP] SERVER IS NOW LISTENING AT PORT  3000"}
{"level":"info","message":"[REQUEST] Received GET request at /v1/api/vendor/store/1"}
{"level":"error","message":"[ERROR] You must provide selection conditions in order to find a single row.","trace":"Error: You must provide selection conditions in order to find a single row.\n    at EntityManager.findOne (/Users/macmini/Desktop/NodeExpressStarter/node_modules/src/entity-manager/EntityManager.ts:1182:19)\n    at Object.findOne (/Users/macmini/Desktop/NodeExpressStarter/app/src/v1/data/repositories/store.reposotory.ts:10:38)\n    at /Users/macmini/Desktop/NodeExpressStarter/app/src/v1/usecases/api/store/getOneStore.usecase.ts:12:54\n    at /Users/macmini/Desktop/NodeExpressStarter/app/src/v1/presenters/controllers/api/store/getOneStore.controller.ts:13:28\n    at Layer.handle [as handle_request] (/Users/macmini/Desktop/NodeExpressStarter/node_modules/express/lib/router/layer.js:95:5)\n    at next (/Users/macmini/Desktop/NodeExpressStarter/node_modules/express/lib/router/route.js:144:13)\n    at next (/Users/macmini/Desktop/NodeExpressStarter/node_modules/express/lib/router/route.js:140:7)\n    at Route.dispatch (/Users/macmini/Desktop/NodeExpressStarter/node_modules/express/lib/router/route.js:114:3)\n    at Layer.handle [as handle_request] (/Users/macmini/Desktop/NodeExpressStarter/node_modules/express/lib/router/layer.js:95:5)\n    at /Users/macmini/Desktop/NodeExpressStarter/node_modules/express/lib/router/index.js:284:15"}
{"level":"info","message":"[RESPONSE] Responded to GET request at /v1/api/vendor/store/1 in 11ms"}
{"level":"info","message":"[APP] SERVER IS NOW LISTENING AT PORT  3000"}
{"level":"info","message":"[REQUEST] Received GET request at /v1/api/vendor/store/1"}
{"level":"error","message":"[ERROR] You must provide selection conditions in order to find a single row.","trace":"Error: You must provide selection conditions in order to find a single row.\n    at EntityManager.findOne (/Users/macmini/Desktop/NodeExpressStarter/node_modules/src/entity-manager/EntityManager.ts:1182:19)\n    at Object.findOne (/Users/macmini/Desktop/NodeExpressStarter/app/src/v1/data/repositories/store.reposotory.ts:11:38)\n    at /Users/macmini/Desktop/NodeExpressStarter/app/src/v1/usecases/api/store/getOneStore.usecase.ts:12:54\n    at /Users/macmini/Desktop/NodeExpressStarter/app/src/v1/presenters/controllers/api/store/getOneStore.controller.ts:13:28\n    at Layer.handle [as handle_request] (/Users/macmini/Desktop/NodeExpressStarter/node_modules/express/lib/router/layer.js:95:5)\n    at next (/Users/macmini/Desktop/NodeExpressStarter/node_modules/express/lib/router/route.js:144:13)\n    at next (/Users/macmini/Desktop/NodeExpressStarter/node_modules/express/lib/router/route.js:140:7)\n    at Route.dispatch (/Users/macmini/Desktop/NodeExpressStarter/node_modules/express/lib/router/route.js:114:3)\n    at Layer.handle [as handle_request] (/Users/macmini/Desktop/NodeExpressStarter/node_modules/express/lib/router/layer.js:95:5)\n    at /Users/macmini/Desktop/NodeExpressStarter/node_modules/express/lib/router/index.js:284:15"}
{"level":"info","message":"[RESPONSE] Responded to GET request at /v1/api/vendor/store/1 in 11ms"}
{"level":"info","message":"[APP] SERVER IS NOW LISTENING AT PORT  3000"}
{"level":"info","message":"[APP] SERVER IS NOW LISTENING AT PORT  3000"}
{"level":"info","message":"[REQUEST] Received GET request at /v1/api/vendor/store"}
{"level":"info","message":"[RESPONSE] Responded to GET request at /v1/api/vendor/store in 10ms"}
{"level":"info","message":"[APP] SERVER IS NOW LISTENING AT PORT  3000"}
{"level":"info","message":"[REQUEST] Received GET request at /v1/api/vendor/store"}
{"level":"info","message":"[RESPONSE] Responded to GET request at /v1/api/vendor/store in 4ms"}
{"level":"info","message":"[APP] SERVER IS NOW LISTENING AT PORT  3000"}
{"level":"info","message":"[REQUEST] Received GET request at /v1/api/vendor/store/1"}
{"level":"error","message":"[ERROR] You must provide selection conditions in order to find a single row.","trace":"Error: You must provide selection conditions in order to find a single row.\n    at EntityManager.findOne (/Users/macmini/Desktop/NodeExpressStarter/node_modules/src/entity-manager/EntityManager.ts:1182:19)\n    at Object.findOne (/Users/macmini/Desktop/NodeExpressStarter/app/src/v1/data/repositories/store.reposotory.ts:11:38)\n    at /Users/macmini/Desktop/NodeExpressStarter/app/src/v1/usecases/api/store/getOneStore.usecase.ts:12:54\n    at /Users/macmini/Desktop/NodeExpressStarter/app/src/v1/presenters/controllers/api/store/getOneStore.controller.ts:13:28\n    at Layer.handle [as handle_request] (/Users/macmini/Desktop/NodeExpressStarter/node_modules/express/lib/router/layer.js:95:5)\n    at next (/Users/macmini/Desktop/NodeExpressStarter/node_modules/express/lib/router/route.js:144:13)\n    at next (/Users/macmini/Desktop/NodeExpressStarter/node_modules/express/lib/router/route.js:140:7)\n    at Route.dispatch (/Users/macmini/Desktop/NodeExpressStarter/node_modules/express/lib/router/route.js:114:3)\n    at Layer.handle [as handle_request] (/Users/macmini/Desktop/NodeExpressStarter/node_modules/express/lib/router/layer.js:95:5)\n    at /Users/macmini/Desktop/NodeExpressStarter/node_modules/express/lib/router/index.js:284:15"}
{"level":"info","message":"[RESPONSE] Responded to GET request at /v1/api/vendor/store/1 in 58ms"}
{"level":"info","message":"[REQUEST] Received GET request at /v1/api/vendor/store"}
{"level":"info","message":"[RESPONSE] Responded to GET request at /v1/api/vendor/store in 62ms"}
{"level":"info","message":"[APP] SERVER IS NOW LISTENING AT PORT  3000"}
{"level":"info","message":"[REQUEST] Received GET request at /v1/api/vendor/store"}
{"level":"info","message":"[RESPONSE] Responded to GET request at /v1/api/vendor/store in 16ms"}
{"level":"info","message":"[APP] SERVER IS NOW LISTENING AT PORT  3000"}
{"level":"info","message":"[APP] SERVER IS NOW LISTENING AT PORT  3000"}
{"level":"info","message":"[APP] SERVER IS NOW LISTENING AT PORT  3000"}
{"level":"info","message":"[APP] SERVER IS NOW LISTENING AT PORT  3000"}
{"level":"info","message":"[REQUEST] Received GET request at /v1/api/vendor/store"}
{"level":"info","message":"[RESPONSE] Responded to GET request at /v1/api/vendor/store in 8ms"}
{"level":"info","message":"[REQUEST] Received POST request at /v1/api/vendor/store"}
{"level":"info","message":"[RESPONSE] Responded to POST request at /v1/api/vendor/store in 41ms"}
{"level":"info","message":"[REQUEST] Received GET request at /v1/api/vendor/store"}
{"level":"info","message":"[RESPONSE] Responded to GET request at /v1/api/vendor/store in 11ms"}
{"level":"info","message":"[APP] SERVER IS NOW LISTENING AT PORT  3000"}
{"level":"info","message":"[REQUEST] Received GET request at /v1/api/vendor/store/1"}
{"level":"info","message":"[RESPONSE] Responded to GET request at /v1/api/vendor/store/1 in 14ms"}
{"level":"info","message":"[REQUEST] Received GET request at /v1/api/vendor/store/2"}
{"level":"info","message":"[RESPONSE] Responded to GET request at /v1/api/vendor/store/2 in 10ms"}
{"level":"info","message":"[REQUEST] Received GET request at /v1/api/vendor/store"}
{"level":"info","message":"[RESPONSE] Responded to GET request at /v1/api/vendor/store in 11ms"}
{"level":"info","message":"[APP] SERVER IS NOW LISTENING AT PORT  3000"}
{"level":"info","message":"[APP] SERVER IS NOW LISTENING AT PORT  3000"}
{"level":"info","message":"[APP] SERVER IS NOW LISTENING AT PORT  3000"}
{"level":"info","message":"[APP] SERVER IS NOW LISTENING AT PORT  3000"}
{"level":"info","message":"[REQUEST] Received GET request at /v1/api/users/"}
{"level":"error","message":"[ERROR] jwt expired","trace":"TokenExpiredError: jwt expired\n    at /Users/macmini/Desktop/NodeExpressStarter/node_modules/jsonwebtoken/verify.js:190:21\n    at getSecret (/Users/macmini/Desktop/NodeExpressStarter/node_modules/jsonwebtoken/verify.js:97:14)\n    at Object.module.exports [as verify] (/Users/macmini/Desktop/NodeExpressStarter/node_modules/jsonwebtoken/verify.js:101:10)\n    at isAuthentictedMiddleware (/Users/macmini/Desktop/NodeExpressStarter/app/src/v1/presenters/middlewares/auth/isAuthenticated.middleware.ts:22:43)\n    at Layer.handle [as handle_request] (/Users/macmini/Desktop/NodeExpressStarter/node_modules/express/lib/router/layer.js:95:5)\n    at trim_prefix (/Users/macmini/Desktop/NodeExpressStarter/node_modules/express/lib/router/index.js:328:13)\n    at /Users/macmini/Desktop/NodeExpressStarter/node_modules/express/lib/router/index.js:286:9\n    at Function.process_params (/Users/macmini/Desktop/NodeExpressStarter/node_modules/express/lib/router/index.js:346:12)\n    at next (/Users/macmini/Desktop/NodeExpressStarter/node_modules/express/lib/router/index.js:280:10)\n    at Function.handle (/Users/macmini/Desktop/NodeExpressStarter/node_modules/express/lib/router/index.js:175:3)"}
{"level":"info","message":"[RESPONSE] Responded to GET request at /v1/api/users/ in 14ms"}
{"level":"info","message":"[REQUEST] Received POST request at /v1/auth/login"}
{"level":"info","message":"[LOGIN CONTROLLER] IN LOGIN EMAIl adminemail@gmail.com"}
{"level":"error","message":"[ERROR] This Account Doesn't Exist","trace":"Error: This Account Doesn't Exist\n    at ExceptionsService.notFoundException (/Users/macmini/Desktop/NodeExpressStarter/app/src/v1/core/errors/exceptions.ts:62:11)\n    at /Users/macmini/Desktop/NodeExpressStarter/app/src/v1/usecases/auth/login.usecase.ts:32:24\n    at processTicksAndRejections (node:internal/process/task_queues:95:5)\n    at async /Users/macmini/Desktop/NodeExpressStarter/app/src/v1/presenters/controllers/auth/login.controller.ts:10:22"}
{"level":"error","message":"[ERROR] This Account Doesn't Exist"}
{"level":"info","message":"[RESPONSE] Responded to POST request at /v1/auth/login in 17ms"}
{"level":"info","message":"[REQUEST] Received POST request at /v1/auth/login"}
{"level":"info","message":"[LOGIN CONTROLLER] IN LOGIN EMAIl admin@gmail.com"}
{"level":"info","message":"[LOGIN USE CASE] {\"id\":\"1\",\"email\":\"admin@gmail.com\",\"isVerified\":false,\"picture\":\"http://localhost:3000/images/default.png\",\"username\":\"admin\",\"password\":\"$2a$10$iNC.Txx80L7YZ6tGaxrHDe1Lx92kJA5KeK48zRSZFs6twRipJsHDu\",\"role\":\"admin\",\"phoneNumber\":\"56251081\",\"confirmation_token\":null,\"confirmed_email\":false}"}
{"level":"info","message":"[RESPONSE] Responded to POST request at /v1/auth/login in 129ms"}
{"level":"info","message":"[APP] SERVER IS NOW LISTENING AT PORT  3000"}
{"level":"info","message":"[REQUEST] Received GET request at /v1/api/users/"}
{"level":"error","message":"[ERROR] Please verify your account first","trace":"Error: Please verify your account first\n    at ExceptionsService.unauthorizedException (/Users/macmini/Desktop/NodeExpressStarter/app/src/v1/core/errors/exceptions.ts:59:11)\n    at isAuthentictedMiddleware (/Users/macmini/Desktop/NodeExpressStarter/app/src/v1/presenters/middlewares/auth/isAuthenticated.middleware.ts:27:24)\n    at Layer.handle [as handle_request] (/Users/macmini/Desktop/NodeExpressStarter/node_modules/express/lib/router/layer.js:95:5)\n    at trim_prefix (/Users/macmini/Desktop/NodeExpressStarter/node_modules/express/lib/router/index.js:328:13)\n    at /Users/macmini/Desktop/NodeExpressStarter/node_modules/express/lib/router/index.js:286:9\n    at Function.process_params (/Users/macmini/Desktop/NodeExpressStarter/node_modules/express/lib/router/index.js:346:12)\n    at next (/Users/macmini/Desktop/NodeExpressStarter/node_modules/express/lib/router/index.js:280:10)\n    at Function.handle (/Users/macmini/Desktop/NodeExpressStarter/node_modules/express/lib/router/index.js:175:3)\n    at router (/Users/macmini/Desktop/NodeExpressStarter/node_modules/express/lib/router/index.js:47:12)\n    at Layer.handle [as handle_request] (/Users/macmini/Desktop/NodeExpressStarter/node_modules/express/lib/router/layer.js:95:5)"}
{"level":"error","message":"[ERROR] Please verify your account first"}
{"level":"info","message":"[RESPONSE] Responded to GET request at /v1/api/users/ in 11ms"}
{"level":"info","message":"[REQUEST] Received POST request at /v1/auth/login"}
{"level":"info","message":"[LOGIN CONTROLLER] IN LOGIN EMAIl user01@gmail.com"}
{"level":"info","message":"[LOGIN USE CASE] {\"id\":\"2\",\"email\":\"user01@gmail.com\",\"isVerified\":true,\"picture\":\"http://localhost:3000/images/default.png\",\"username\":\"user01\",\"password\":\"$2a$10$oyWW7.plP2z1LdIGSqilL.sDbqriUdbeBPXQ0LV2QH4zkgqNh8KK6\",\"role\":\"user\",\"phoneNumber\":\"56251081\",\"confirmation_token\":null,\"confirmed_email\":true}"}
{"level":"info","message":"[RESPONSE] Responded to POST request at /v1/auth/login in 113ms"}
{"level":"info","message":"[APP] SERVER IS NOW LISTENING AT PORT  3000"}
{"level":"info","message":"[REQUEST] Received GET request at /v1/api/users/"}
{"level":"info","message":"[RESPONSE] Responded to GET request at /v1/api/users/ in 13ms"}
{"level":"info","message":"[REQUEST] Received GET request at /v1/api/users/"}
{"level":"info","message":"[RESPONSE] Responded to GET request at /v1/api/users/ in 7ms"}
{"level":"info","message":"[REQUEST] Received GET request at /v1/api/users/me"}
{"level":"info","message":"[GET ME CONTROLLER] IN GET ME CONTROLLER ID 2"}
{"level":"info","message":"[RESPONSE] Responded to GET request at /v1/api/users/me in 20ms"}
{"level":"info","message":"[APP] SERVER IS NOW LISTENING AT PORT  3000"}
{"level":"info","message":"[APP] SERVER IS NOW LISTENING AT PORT  3000"}
{"level":"info","message":"[APP] SERVER IS NOW LISTENING AT PORT  3000"}
{"level":"info","message":"[APP] SERVER IS NOW LISTENING AT PORT  3000"}
{"level":"info","message":"[APP] SERVER IS NOW LISTENING AT PORT  3000"}
{"level":"info","message":"[APP] SERVER IS NOW LISTENING AT PORT  3000"}
{"level":"info","message":"[APP] SERVER IS NOW LISTENING AT PORT  3000"}
{"level":"info","message":"[APP] SERVER IS NOW LISTENING AT PORT  3000"}
{"level":"info","message":"[APP] SERVER IS NOW LISTENING AT PORT  3000"}
{"level":"info","message":"[REQUEST] Received GET request at /v1/api/users/"}
{"level":"info","message":"[RESPONSE] Responded to GET request at /v1/api/users/ in 26ms"}
{"level":"info","message":"[APP] SERVER IS NOW LISTENING AT PORT  3000"}
{"level":"info","message":"[REQUEST] Received GET request at /v1/api/users/"}
{"level":"error","message":"[ERROR] RBAC! should be an admin","trace":"Error: RBAC! should be an admin\n    at ExceptionsService.unauthorizedException (/Users/macmini/Desktop/NodeExpressStarter/app/src/v1/core/errors/exceptions.ts:59:11)\n    at isAdminMiddleware (/Users/macmini/Desktop/NodeExpressStarter/app/src/v1/presenters/middlewares/auth/isAdmin.middleware.ts:8:24)\n    at Layer.handle [as handle_request] (/Users/macmini/Desktop/NodeExpressStarter/node_modules/express/lib/router/layer.js:95:5)\n    at trim_prefix (/Users/macmini/Desktop/NodeExpressStarter/node_modules/express/lib/router/index.js:328:13)\n    at /Users/macmini/Desktop/NodeExpressStarter/node_modules/express/lib/router/index.js:286:9\n    at Function.process_params (/Users/macmini/Desktop/NodeExpressStarter/node_modules/express/lib/router/index.js:346:12)\n    at next (/Users/macmini/Desktop/NodeExpressStarter/node_modules/express/lib/router/index.js:280:10)\n    at isAuthentictedMiddleware (/Users/macmini/Desktop/NodeExpressStarter/app/src/v1/presenters/middlewares/auth/isAuthenticated.middleware.ts:32:5)\n    at Layer.handle [as handle_request] (/Users/macmini/Desktop/NodeExpressStarter/node_modules/express/lib/router/layer.js:95:5)\n    at trim_prefix (/Users/macmini/Desktop/NodeExpressStarter/node_modules/express/lib/router/index.js:328:13)"}
{"level":"error","message":"[ERROR] RBAC! should be an admin"}
{"level":"info","message":"[RESPONSE] Responded to GET request at /v1/api/users/ in 24ms"}
{"level":"info","message":"[APP] SERVER IS NOW LISTENING AT PORT  3000"}
{"level":"info","message":"[APP] SERVER IS NOW LISTENING AT PORT  3000"}
{"level":"info","message":"[REQUEST] Received GET request at /v1/api/users/"}
{"level":"info","message":"[RESPONSE] Responded to GET request at /v1/api/users/ in 18ms"}
{"level":"info","message":"[APP] SERVER IS NOW LISTENING AT PORT  3000"}
{"level":"info","message":"[REQUEST] Received GET request at /v1/api/users/"}
{"level":"error","message":"[ERROR] RBAC! should be an admin","trace":"Error: RBAC! should be an admin\n    at ExceptionsService.unauthorizedException (/Users/macmini/Desktop/NodeExpressStarter/app/src/v1/core/errors/exceptions.ts:59:11)\n    at isAdminMiddleware (/Users/macmini/Desktop/NodeExpressStarter/app/src/v1/presenters/middlewares/auth/isAdmin.middleware.ts:8:24)\n    at Layer.handle [as handle_request] (/Users/macmini/Desktop/NodeExpressStarter/node_modules/express/lib/router/layer.js:95:5)\n    at trim_prefix (/Users/macmini/Desktop/NodeExpressStarter/node_modules/express/lib/router/index.js:328:13)\n    at /Users/macmini/Desktop/NodeExpressStarter/node_modules/express/lib/router/index.js:286:9\n    at Function.process_params (/Users/macmini/Desktop/NodeExpressStarter/node_modules/express/lib/router/index.js:346:12)\n    at next (/Users/macmini/Desktop/NodeExpressStarter/node_modules/express/lib/router/index.js:280:10)\n    at isAuthentictedMiddleware (/Users/macmini/Desktop/NodeExpressStarter/app/src/v1/presenters/middlewares/auth/isAuthenticated.middleware.ts:32:5)\n    at Layer.handle [as handle_request] (/Users/macmini/Desktop/NodeExpressStarter/node_modules/express/lib/router/layer.js:95:5)\n    at trim_prefix (/Users/macmini/Desktop/NodeExpressStarter/node_modules/express/lib/router/index.js:328:13)"}
{"level":"error","message":"[ERROR] RBAC! should be an admin"}
{"level":"info","message":"[RESPONSE] Responded to GET request at /v1/api/users/ in 8ms"}
{"level":"info","message":"[APP] SERVER IS NOW LISTENING AT PORT  3000"}
{"level":"info","message":"[APP] SERVER IS NOW LISTENING AT PORT  3000"}
{"level":"info","message":"[APP] SERVER IS NOW LISTENING AT PORT  3000"}
{"level":"info","message":"[APP] SERVER IS NOW LISTENING AT PORT  3000"}
{"level":"info","message":"[APP] SERVER IS NOW LISTENING AT PORT  3000"}
{"level":"info","message":"[APP] SERVER IS NOW LISTENING AT PORT  3000"}
{"level":"info","message":"[APP] SERVER IS NOW LISTENING AT PORT  3000"}
{"level":"info","message":"[APP] SERVER IS NOW LISTENING AT PORT  3000"}
{"level":"info","message":"[APP] SERVER IS NOW LISTENING AT PORT  3000"}
{"level":"info","message":"[APP] SERVER IS NOW LISTENING AT PORT  3000"}
{"level":"info","message":"[REQUEST] Received GET request at /v1/api/users/me"}
{"level":"info","message":"[GET ME CONTROLLER] IN GET ME CONTROLLER ID 2"}
{"level":"info","message":"[RESPONSE] Responded to GET request at /v1/api/users/me in 18ms"}
{"level":"info","message":"[APP] SERVER IS NOW LISTENING AT PORT  3000"}
{"level":"info","message":"[REQUEST] Received GET request at /v1/api/users/me"}
{"level":"info","message":"[GET ME CONTROLLER] IN GET ME CONTROLLER ID 2"}
{"level":"info","message":"[RESPONSE] Responded to GET request at /v1/api/users/me in 11ms"}
{"level":"info","message":"[APP] SERVER IS NOW LISTENING AT PORT  3000"}
{"level":"info","message":"[APP] SERVER IS NOW LISTENING AT PORT  3000"}
{"level":"info","message":"[APP] SERVER IS NOW LISTENING AT PORT  3000"}
{"level":"info","message":"[APP] SERVER IS NOW LISTENING AT PORT  3000"}
{"level":"info","message":"[REQUEST] Received GET request at /v1/api/users/"}
{"level":"error","message":"[ERROR] RBAC! should be an admin","trace":"Error: RBAC! should be an admin\n    at ExceptionsService.unauthorizedException (/Users/macmini/Desktop/NodeExpressStarter/app/src/v1/core/errors/exceptions.ts:59:11)\n    at /Users/macmini/Desktop/NodeExpressStarter/app/src/v1/presenters/middlewares/auth/restrictTo.middleware.ts:10:26\n    at Layer.handle [as handle_request] (/Users/macmini/Desktop/NodeExpressStarter/node_modules/express/lib/router/layer.js:95:5)\n    at next (/Users/macmini/Desktop/NodeExpressStarter/node_modules/express/lib/router/route.js:144:13)\n    at Route.dispatch (/Users/macmini/Desktop/NodeExpressStarter/node_modules/express/lib/router/route.js:114:3)\n    at Layer.handle [as handle_request] (/Users/macmini/Desktop/NodeExpressStarter/node_modules/express/lib/router/layer.js:95:5)\n    at /Users/macmini/Desktop/NodeExpressStarter/node_modules/express/lib/router/index.js:284:15\n    at Function.process_params (/Users/macmini/Desktop/NodeExpressStarter/node_modules/express/lib/router/index.js:346:12)\n    at next (/Users/macmini/Desktop/NodeExpressStarter/node_modules/express/lib/router/index.js:280:10)\n    at isAuthentictedMiddleware (/Users/macmini/Desktop/NodeExpressStarter/app/src/v1/presenters/middlewares/auth/isAuthenticated.middleware.ts:32:5)"}
{"level":"error","message":"[ERROR] RBAC! should be an admin"}
{"level":"info","message":"[RESPONSE] Responded to GET request at /v1/api/users/ in 12ms"}
{"level":"info","message":"[APP] SERVER IS NOW LISTENING AT PORT  3000"}
{"level":"info","message":"[APP] SERVER IS NOW LISTENING AT PORT  3000"}
{"level":"info","message":"[APP] SERVER IS NOW LISTENING AT PORT  3000"}
{"level":"info","message":"[APP] SERVER IS NOW LISTENING AT PORT  3000"}
{"level":"info","message":"[APP] SERVER IS NOW LISTENING AT PORT  3000"}
{"level":"info","message":"[APP] SERVER IS NOW LISTENING AT PORT  3000"}
{"level":"info","message":"[APP] SERVER IS NOW LISTENING AT PORT  3000"}
{"level":"info","message":"[REQUEST] Received GET request at /v1/api/users/"}
{"level":"error","message":"[ERROR] jwt expired","trace":"TokenExpiredError: jwt expired\n    at /Users/macmini/Desktop/NodeExpressStarter/node_modules/jsonwebtoken/verify.js:190:21\n    at getSecret (/Users/macmini/Desktop/NodeExpressStarter/node_modules/jsonwebtoken/verify.js:97:14)\n    at Object.module.exports [as verify] (/Users/macmini/Desktop/NodeExpressStarter/node_modules/jsonwebtoken/verify.js:101:10)\n    at isAuthentictedMiddleware (/Users/macmini/Desktop/NodeExpressStarter/app/src/v1/presenters/middlewares/auth/isAuthenticated.middleware.ts:22:43)\n    at Layer.handle [as handle_request] (/Users/macmini/Desktop/NodeExpressStarter/node_modules/express/lib/router/layer.js:95:5)\n    at trim_prefix (/Users/macmini/Desktop/NodeExpressStarter/node_modules/express/lib/router/index.js:328:13)\n    at /Users/macmini/Desktop/NodeExpressStarter/node_modules/express/lib/router/index.js:286:9\n    at Function.process_params (/Users/macmini/Desktop/NodeExpressStarter/node_modules/express/lib/router/index.js:346:12)\n    at next (/Users/macmini/Desktop/NodeExpressStarter/node_modules/express/lib/router/index.js:280:10)\n    at Function.handle (/Users/macmini/Desktop/NodeExpressStarter/node_modules/express/lib/router/index.js:175:3)"}
{"level":"info","message":"[RESPONSE] Responded to GET request at /v1/api/users/ in 15ms"}
{"level":"info","message":"[REQUEST] Received GET request at /v1/api/users/"}
{"level":"error","message":"[ERROR] jwt expired","trace":"TokenExpiredError: jwt expired\n    at /Users/macmini/Desktop/NodeExpressStarter/node_modules/jsonwebtoken/verify.js:190:21\n    at getSecret (/Users/macmini/Desktop/NodeExpressStarter/node_modules/jsonwebtoken/verify.js:97:14)\n    at Object.module.exports [as verify] (/Users/macmini/Desktop/NodeExpressStarter/node_modules/jsonwebtoken/verify.js:101:10)\n    at isAuthentictedMiddleware (/Users/macmini/Desktop/NodeExpressStarter/app/src/v1/presenters/middlewares/auth/isAuthenticated.middleware.ts:22:43)\n    at Layer.handle [as handle_request] (/Users/macmini/Desktop/NodeExpressStarter/node_modules/express/lib/router/layer.js:95:5)\n    at trim_prefix (/Users/macmini/Desktop/NodeExpressStarter/node_modules/express/lib/router/index.js:328:13)\n    at /Users/macmini/Desktop/NodeExpressStarter/node_modules/express/lib/router/index.js:286:9\n    at Function.process_params (/Users/macmini/Desktop/NodeExpressStarter/node_modules/express/lib/router/index.js:346:12)\n    at next (/Users/macmini/Desktop/NodeExpressStarter/node_modules/express/lib/router/index.js:280:10)\n    at Function.handle (/Users/macmini/Desktop/NodeExpressStarter/node_modules/express/lib/router/index.js:175:3)"}
{"level":"info","message":"[RESPONSE] Responded to GET request at /v1/api/users/ in 5ms"}
{"level":"info","message":"[REQUEST] Received POST request at /v1/auth/login"}
{"level":"info","message":"[LOGIN CONTROLLER] IN LOGIN EMAIl user01@gmail.com"}
{"level":"info","message":"[LOGIN USE CASE] {\"id\":\"2\",\"email\":\"user01@gmail.com\",\"isVerified\":true,\"picture\":\"http://localhost:3000/images/default.png\",\"username\":\"user01\",\"password\":\"$2a$10$oyWW7.plP2z1LdIGSqilL.sDbqriUdbeBPXQ0LV2QH4zkgqNh8KK6\",\"role\":\"user\",\"phoneNumber\":\"56251081\",\"confirmation_token\":null,\"confirmed_email\":true}"}
{"level":"info","message":"[RESPONSE] Responded to POST request at /v1/auth/login in 119ms"}
{"level":"info","message":"[APP] SERVER IS NOW LISTENING AT PORT  3000"}
{"level":"info","message":"[REQUEST] Received GET request at /v1/api/users/"}
{"level":"error","message":"[ERROR] RBAC! You Not Have Role. to access this","trace":"Error: RBAC! You Not Have Role. to access this\n    at ExceptionsService.unauthorizedException (/Users/macmini/Desktop/NodeExpressStarter/app/src/v1/core/errors/exceptions.ts:59:11)\n    at /Users/macmini/Desktop/NodeExpressStarter/app/src/v1/presenters/middlewares/auth/restrictTo.middleware.ts:10:26\n    at Layer.handle [as handle_request] (/Users/macmini/Desktop/NodeExpressStarter/node_modules/express/lib/router/layer.js:95:5)\n    at next (/Users/macmini/Desktop/NodeExpressStarter/node_modules/express/lib/router/route.js:144:13)\n    at Route.dispatch (/Users/macmini/Desktop/NodeExpressStarter/node_modules/express/lib/router/route.js:114:3)\n    at Layer.handle [as handle_request] (/Users/macmini/Desktop/NodeExpressStarter/node_modules/express/lib/router/layer.js:95:5)\n    at /Users/macmini/Desktop/NodeExpressStarter/node_modules/express/lib/router/index.js:284:15\n    at Function.process_params (/Users/macmini/Desktop/NodeExpressStarter/node_modules/express/lib/router/index.js:346:12)\n    at next (/Users/macmini/Desktop/NodeExpressStarter/node_modules/express/lib/router/index.js:280:10)\n    at isAuthentictedMiddleware (/Users/macmini/Desktop/NodeExpressStarter/app/src/v1/presenters/middlewares/auth/isAuthenticated.middleware.ts:32:5)"}
{"level":"error","message":"[ERROR] RBAC! You Not Have Role. to access this"}
{"level":"info","message":"[RESPONSE] Responded to GET request at /v1/api/users/ in 16ms"}
{"level":"info","message":"[APP] SERVER IS NOW LISTENING AT PORT  3000"}
{"level":"info","message":"[APP] SERVER IS NOW LISTENING AT PORT  3000"}
{"level":"info","message":"[APP] SERVER IS NOW LISTENING AT PORT  3000"}
{"level":"info","message":"[APP] SERVER IS NOW LISTENING AT PORT  3000"}
{"level":"info","message":"[APP] SERVER IS NOW LISTENING AT PORT  3000"}
{"level":"info","message":"[APP] SERVER IS NOW LISTENING AT PORT  3000"}
{"level":"info","message":"[REQUEST] Received GET request at /v1/api/vendor/store"}
{"level":"error","message":"[ERROR] Cannot read properties of undefined (reading 'role')","trace":"TypeError: Cannot read properties of undefined (reading 'role')\n    at /Users/macmini/Desktop/NodeExpressStarter/app/src/v1/presenters/middlewares/auth/restrictTo.middleware.ts:9:36\n    at Layer.handle [as handle_request] (/Users/macmini/Desktop/NodeExpressStarter/node_modules/express/lib/router/layer.js:95:5)\n    at trim_prefix (/Users/macmini/Desktop/NodeExpressStarter/node_modules/express/lib/router/index.js:328:13)\n    at /Users/macmini/Desktop/NodeExpressStarter/node_modules/express/lib/router/index.js:286:9\n    at Function.process_params (/Users/macmini/Desktop/NodeExpressStarter/node_modules/express/lib/router/index.js:346:12)\n    at next (/Users/macmini/Desktop/NodeExpressStarter/node_modules/express/lib/router/index.js:280:10)\n    at Function.handle (/Users/macmini/Desktop/NodeExpressStarter/node_modules/express/lib/router/index.js:175:3)\n    at router (/Users/macmini/Desktop/NodeExpressStarter/node_modules/express/lib/router/index.js:47:12)\n    at Layer.handle [as handle_request] (/Users/macmini/Desktop/NodeExpressStarter/node_modules/express/lib/router/layer.js:95:5)\n    at trim_prefix (/Users/macmini/Desktop/NodeExpressStarter/node_modules/express/lib/router/index.js:328:13)"}
{"level":"info","message":"[RESPONSE] Responded to GET request at /v1/api/vendor/store in 9ms"}
{"level":"info","message":"[APP] SERVER IS NOW LISTENING AT PORT  3000"}
{"level":"info","message":"[APP] SERVER IS NOW LISTENING AT PORT  3000"}
{"level":"info","message":"[APP] SERVER IS NOW LISTENING AT PORT  3000"}
{"level":"info","message":"[REQUEST] Received GET request at /v1/api/vendor/store"}
{"level":"error","message":"[ERROR] RBAC! You Not Have Role to access this","trace":"Error: RBAC! You Not Have Role to access this\n    at ExceptionsService.unauthorizedException (/Users/macmini/Desktop/NodeExpressStarter/app/src/v1/core/errors/exceptions.ts:59:11)\n    at /Users/macmini/Desktop/NodeExpressStarter/app/src/v1/presenters/middlewares/auth/restrictTo.middleware.ts:10:26\n    at Layer.handle [as handle_request] (/Users/macmini/Desktop/NodeExpressStarter/node_modules/express/lib/router/layer.js:95:5)\n    at trim_prefix (/Users/macmini/Desktop/NodeExpressStarter/node_modules/express/lib/router/index.js:328:13)\n    at /Users/macmini/Desktop/NodeExpressStarter/node_modules/express/lib/router/index.js:286:9\n    at Function.process_params (/Users/macmini/Desktop/NodeExpressStarter/node_modules/express/lib/router/index.js:346:12)\n    at next (/Users/macmini/Desktop/NodeExpressStarter/node_modules/express/lib/router/index.js:280:10)\n    at isAuthentictedMiddleware (/Users/macmini/Desktop/NodeExpressStarter/app/src/v1/presenters/middlewares/auth/isAuthenticated.middleware.ts:32:5)\n    at Layer.handle [as handle_request] (/Users/macmini/Desktop/NodeExpressStarter/node_modules/express/lib/router/layer.js:95:5)\n    at trim_prefix (/Users/macmini/Desktop/NodeExpressStarter/node_modules/express/lib/router/index.js:328:13)"}
{"level":"error","message":"[ERROR] RBAC! You Not Have Role to access this"}
{"level":"info","message":"[RESPONSE] Responded to GET request at /v1/api/vendor/store in 10ms"}
{"level":"info","message":"[REQUEST] Received POST request at /v1/auth/login"}
{"level":"info","message":"[LOGIN CONTROLLER] IN LOGIN EMAIl admin@gmail.com"}
{"level":"info","message":"[LOGIN USE CASE] {\"id\":\"1\",\"email\":\"admin@gmail.com\",\"isVerified\":false,\"picture\":\"http://localhost:3000/images/default.png\",\"username\":\"admin\",\"password\":\"$2a$10$iNC.Txx80L7YZ6tGaxrHDe1Lx92kJA5KeK48zRSZFs6twRipJsHDu\",\"role\":\"admin\",\"phoneNumber\":\"56251081\",\"confirmation_token\":null,\"confirmed_email\":false}"}
{"level":"info","message":"[RESPONSE] Responded to POST request at /v1/auth/login in 121ms"}
{"level":"info","message":"[APP] SERVER IS NOW LISTENING AT PORT  3000"}
{"level":"info","message":"[REQUEST] Received GET request at /v1/api/vendor/store"}
{"level":"error","message":"[ERROR] Please verify your account first","trace":"Error: Please verify your account first\n    at ExceptionsService.unauthorizedException (/Users/macmini/Desktop/NodeExpressStarter/app/src/v1/core/errors/exceptions.ts:59:11)\n    at isAuthentictedMiddleware (/Users/macmini/Desktop/NodeExpressStarter/app/src/v1/presenters/middlewares/auth/isAuthenticated.middleware.ts:27:24)\n    at Layer.handle [as handle_request] (/Users/macmini/Desktop/NodeExpressStarter/node_modules/express/lib/router/layer.js:95:5)\n    at trim_prefix (/Users/macmini/Desktop/NodeExpressStarter/node_modules/express/lib/router/index.js:328:13)\n    at /Users/macmini/Desktop/NodeExpressStarter/node_modules/express/lib/router/index.js:286:9\n    at Function.process_params (/Users/macmini/Desktop/NodeExpressStarter/node_modules/express/lib/router/index.js:346:12)\n    at next (/Users/macmini/Desktop/NodeExpressStarter/node_modules/express/lib/router/index.js:280:10)\n    at Function.handle (/Users/macmini/Desktop/NodeExpressStarter/node_modules/express/lib/router/index.js:175:3)\n    at router (/Users/macmini/Desktop/NodeExpressStarter/node_modules/express/lib/router/index.js:47:12)\n    at Layer.handle [as handle_request] (/Users/macmini/Desktop/NodeExpressStarter/node_modules/express/lib/router/layer.js:95:5)"}
{"level":"error","message":"[ERROR] Please verify your account first"}
{"level":"info","message":"[RESPONSE] Responded to GET request at /v1/api/vendor/store in 7ms"}
{"level":"info","message":"[REQUEST] Received PATCH request at /v1/api/users/update-me"}
{"level":"error","message":"[ERROR] Please verify your account first","trace":"Error: Please verify your account first\n    at ExceptionsService.unauthorizedException (/Users/macmini/Desktop/NodeExpressStarter/app/src/v1/core/errors/exceptions.ts:59:11)\n    at isAuthentictedMiddleware (/Users/macmini/Desktop/NodeExpressStarter/app/src/v1/presenters/middlewares/auth/isAuthenticated.middleware.ts:27:24)\n    at Layer.handle [as handle_request] (/Users/macmini/Desktop/NodeExpressStarter/node_modules/express/lib/router/layer.js:95:5)\n    at trim_prefix (/Users/macmini/Desktop/NodeExpressStarter/node_modules/express/lib/router/index.js:328:13)\n    at /Users/macmini/Desktop/NodeExpressStarter/node_modules/express/lib/router/index.js:286:9\n    at Function.process_params (/Users/macmini/Desktop/NodeExpressStarter/node_modules/express/lib/router/index.js:346:12)\n    at next (/Users/macmini/Desktop/NodeExpressStarter/node_modules/express/lib/router/index.js:280:10)\n    at Function.handle (/Users/macmini/Desktop/NodeExpressStarter/node_modules/express/lib/router/index.js:175:3)\n    at router (/Users/macmini/Desktop/NodeExpressStarter/node_modules/express/lib/router/index.js:47:12)\n    at Layer.handle [as handle_request] (/Users/macmini/Desktop/NodeExpressStarter/node_modules/express/lib/router/layer.js:95:5)"}
{"level":"error","message":"[ERROR] Please verify your account first"}
{"level":"info","message":"[RESPONSE] Responded to PATCH request at /v1/api/users/update-me in 5ms"}
{"level":"info","message":"[APP] SERVER IS NOW LISTENING AT PORT  3000"}
{"level":"info","message":"[REQUEST] Received PATCH request at /v1/api/users/update-me"}
{"level":"error","message":"[ERROR] Please verify your account first","trace":"Error: Please verify your account first\n    at ExceptionsService.unauthorizedException (/Users/macmini/Desktop/NodeExpressStarter/app/src/v1/core/errors/exceptions.ts:59:11)\n    at isAuthentictedMiddleware (/Users/macmini/Desktop/NodeExpressStarter/app/src/v1/presenters/middlewares/auth/isAuthenticated.middleware.ts:27:24)\n    at Layer.handle [as handle_request] (/Users/macmini/Desktop/NodeExpressStarter/node_modules/express/lib/router/layer.js:95:5)\n    at trim_prefix (/Users/macmini/Desktop/NodeExpressStarter/node_modules/express/lib/router/index.js:328:13)\n    at /Users/macmini/Desktop/NodeExpressStarter/node_modules/express/lib/router/index.js:286:9\n    at Function.process_params (/Users/macmini/Desktop/NodeExpressStarter/node_modules/express/lib/router/index.js:346:12)\n    at next (/Users/macmini/Desktop/NodeExpressStarter/node_modules/express/lib/router/index.js:280:10)\n    at Function.handle (/Users/macmini/Desktop/NodeExpressStarter/node_modules/express/lib/router/index.js:175:3)\n    at router (/Users/macmini/Desktop/NodeExpressStarter/node_modules/express/lib/router/index.js:47:12)\n    at Layer.handle [as handle_request] (/Users/macmini/Desktop/NodeExpressStarter/node_modules/express/lib/router/layer.js:95:5)"}
{"level":"error","message":"[ERROR] Please verify your account first"}
{"level":"info","message":"[RESPONSE] Responded to PATCH request at /v1/api/users/update-me in 12ms"}
{"level":"info","message":"[APP] SERVER IS NOW LISTENING AT PORT  3000"}
{"level":"info","message":"[REQUEST] Received PATCH request at /v1/api/users/update-me"}
{"level":"error","message":"[ERROR] Please verify your account first","trace":"Error: Please verify your account first\n    at ExceptionsService.unauthorizedException (/Users/macmini/Desktop/NodeExpressStarter/app/src/v1/core/errors/exceptions.ts:59:11)\n    at isAuthentictedMiddleware (/Users/macmini/Desktop/NodeExpressStarter/app/src/v1/presenters/middlewares/auth/isAuthenticated.middleware.ts:27:24)\n    at Layer.handle [as handle_request] (/Users/macmini/Desktop/NodeExpressStarter/node_modules/express/lib/router/layer.js:95:5)\n    at trim_prefix (/Users/macmini/Desktop/NodeExpressStarter/node_modules/express/lib/router/index.js:328:13)\n    at /Users/macmini/Desktop/NodeExpressStarter/node_modules/express/lib/router/index.js:286:9\n    at Function.process_params (/Users/macmini/Desktop/NodeExpressStarter/node_modules/express/lib/router/index.js:346:12)\n    at next (/Users/macmini/Desktop/NodeExpressStarter/node_modules/express/lib/router/index.js:280:10)\n    at Function.handle (/Users/macmini/Desktop/NodeExpressStarter/node_modules/express/lib/router/index.js:175:3)\n    at router (/Users/macmini/Desktop/NodeExpressStarter/node_modules/express/lib/router/index.js:47:12)\n    at Layer.handle [as handle_request] (/Users/macmini/Desktop/NodeExpressStarter/node_modules/express/lib/router/layer.js:95:5)"}
{"level":"error","message":"[ERROR] Please verify your account first"}
{"level":"info","message":"[RESPONSE] Responded to PATCH request at /v1/api/users/update-me in 10ms"}
{"level":"info","message":"[APP] SERVER IS NOW LISTENING AT PORT  3000"}
{"level":"info","message":"[REQUEST] Received PATCH request at /v1/api/users/update-me"}
{"level":"error","message":"[ERROR] Please verify your account first","trace":"Error: Please verify your account first\n    at ExceptionsService.unauthorizedException (/Users/macmini/Desktop/NodeExpressStarter/app/src/v1/core/errors/exceptions.ts:59:11)\n    at isAuthentictedMiddleware (/Users/macmini/Desktop/NodeExpressStarter/app/src/v1/presenters/middlewares/auth/isAuthenticated.middleware.ts:27:24)\n    at Layer.handle [as handle_request] (/Users/macmini/Desktop/NodeExpressStarter/node_modules/express/lib/router/layer.js:95:5)\n    at trim_prefix (/Users/macmini/Desktop/NodeExpressStarter/node_modules/express/lib/router/index.js:328:13)\n    at /Users/macmini/Desktop/NodeExpressStarter/node_modules/express/lib/router/index.js:286:9\n    at Function.process_params (/Users/macmini/Desktop/NodeExpressStarter/node_modules/express/lib/router/index.js:346:12)\n    at next (/Users/macmini/Desktop/NodeExpressStarter/node_modules/express/lib/router/index.js:280:10)\n    at Function.handle (/Users/macmini/Desktop/NodeExpressStarter/node_modules/express/lib/router/index.js:175:3)\n    at router (/Users/macmini/Desktop/NodeExpressStarter/node_modules/express/lib/router/index.js:47:12)\n    at Layer.handle [as handle_request] (/Users/macmini/Desktop/NodeExpressStarter/node_modules/express/lib/router/layer.js:95:5)"}
{"level":"error","message":"[ERROR] Please verify your account first"}
{"level":"info","message":"[RESPONSE] Responded to PATCH request at /v1/api/users/update-me in 10ms"}
{"level":"info","message":"[APP] SERVER IS NOW LISTENING AT PORT  3000"}
{"level":"info","message":"[REQUEST] Received PATCH request at /v1/api/users/update-me"}
{"level":"info","message":"[REQUEST] Received PATCH request at /v1/api/users/update-me"}
{"level":"info","message":"[APP] SERVER IS NOW LISTENING AT PORT  3000"}
{"level":"info","message":"[REQUEST] Received PATCH request at /v1/api/users/update-me"}
{"level":"error","message":"[ERROR] Validation Error","trace":"Error: Validation Error\n    at ExceptionsService.unprocessabhleEntityException (/Users/macmini/Desktop/NodeExpressStarter/app/src/v1/core/errors/exceptions.ts:68:11)\n    at /Users/macmini/Desktop/NodeExpressStarter/app/src/v1/presenters/middlewares/schemas/validateSchema.middleware.ts:39:26\n    at Layer.handle [as handle_request] (/Users/macmini/Desktop/NodeExpressStarter/node_modules/express/lib/router/layer.js:95:5)\n    at next (/Users/macmini/Desktop/NodeExpressStarter/node_modules/express/lib/router/route.js:144:13)\n    at /Users/macmini/Desktop/NodeExpressStarter/app/src/v1/presenters/middlewares/uploads/transferFilePathToBody.middleware.ts:12:5\n    at Layer.handle [as handle_request] (/Users/macmini/Desktop/NodeExpressStarter/node_modules/express/lib/router/layer.js:95:5)\n    at next (/Users/macmini/Desktop/NodeExpressStarter/node_modules/express/lib/router/route.js:144:13)\n    at multerMiddleware (/Users/macmini/Desktop/NodeExpressStarter/node_modules/multer/lib/make-middleware.js:13:41)\n    at Layer.handle [as handle_request] (/Users/macmini/Desktop/NodeExpressStarter/node_modules/express/lib/router/layer.js:95:5)\n    at next (/Users/macmini/Desktop/NodeExpressStarter/node_modules/express/lib/router/route.js:144:13)"}
{"level":"error","message":"[ERROR] Validation Error"}
{"level":"info","message":"[RESPONSE] Responded to PATCH request at /v1/api/users/update-me in 6ms"}
{"level":"info","message":"[APP] SERVER IS NOW LISTENING AT PORT  3000"}
{"level":"info","message":"[REQUEST] Received PATCH request at /v1/api/users/update-me"}
{"level":"info","message":"[UPDATE MY PROFILE CONTROLLER] IN UPDATE MY PROFILE CONTROLLER ID undefined"}
{"level":"error","message":"[ERROR] Cannot read properties of undefined (reading 'id')","trace":"TypeError: Cannot read properties of undefined (reading 'id')\n    at /Users/macmini/Desktop/NodeExpressStarter/app/src/v1/usecases/api/users/updateMyProfile.usecase.ts:17:27\n    at /Users/macmini/Desktop/NodeExpressStarter/app/src/v1/presenters/controllers/auth/updateMyProfile.controller.ts:17:28\n    at Layer.handle [as handle_request] (/Users/macmini/Desktop/NodeExpressStarter/node_modules/express/lib/router/layer.js:95:5)\n    at next (/Users/macmini/Desktop/NodeExpressStarter/node_modules/express/lib/router/route.js:144:13)\n    at Route.dispatch (/Users/macmini/Desktop/NodeExpressStarter/node_modules/express/lib/router/route.js:114:3)\n    at Layer.handle [as handle_request] (/Users/macmini/Desktop/NodeExpressStarter/node_modules/express/lib/router/layer.js:95:5)\n    at /Users/macmini/Desktop/NodeExpressStarter/node_modules/express/lib/router/index.js:284:15\n    at Function.process_params (/Users/macmini/Desktop/NodeExpressStarter/node_modules/express/lib/router/index.js:346:12)\n    at next (/Users/macmini/Desktop/NodeExpressStarter/node_modules/express/lib/router/index.js:280:10)\n    at Function.handle (/Users/macmini/Desktop/NodeExpressStarter/node_modules/express/lib/router/index.js:175:3)"}
{"level":"info","message":"[RESPONSE] Responded to PATCH request at /v1/api/users/update-me in 6ms"}
{"level":"info","message":"[REQUEST] Received PATCH request at /v1/api/users/update-me"}
{"level":"info","message":"[UPDATE MY PROFILE CONTROLLER] IN UPDATE MY PROFILE CONTROLLER ID undefined"}
{"level":"error","message":"[ERROR] Cannot read properties of undefined (reading 'id')","trace":"TypeError: Cannot read properties of undefined (reading 'id')\n    at /Users/macmini/Desktop/NodeExpressStarter/app/src/v1/usecases/api/users/updateMyProfile.usecase.ts:17:27\n    at /Users/macmini/Desktop/NodeExpressStarter/app/src/v1/presenters/controllers/auth/updateMyProfile.controller.ts:17:28\n    at Layer.handle [as handle_request] (/Users/macmini/Desktop/NodeExpressStarter/node_modules/express/lib/router/layer.js:95:5)\n    at next (/Users/macmini/Desktop/NodeExpressStarter/node_modules/express/lib/router/route.js:144:13)\n    at Route.dispatch (/Users/macmini/Desktop/NodeExpressStarter/node_modules/express/lib/router/route.js:114:3)\n    at Layer.handle [as handle_request] (/Users/macmini/Desktop/NodeExpressStarter/node_modules/express/lib/router/layer.js:95:5)\n    at /Users/macmini/Desktop/NodeExpressStarter/node_modules/express/lib/router/index.js:284:15\n    at Function.process_params (/Users/macmini/Desktop/NodeExpressStarter/node_modules/express/lib/router/index.js:346:12)\n    at next (/Users/macmini/Desktop/NodeExpressStarter/node_modules/express/lib/router/index.js:280:10)\n    at Function.handle (/Users/macmini/Desktop/NodeExpressStarter/node_modules/express/lib/router/index.js:175:3)"}
{"level":"info","message":"[RESPONSE] Responded to PATCH request at /v1/api/users/update-me in 3ms"}
{"level":"info","message":"[APP] SERVER IS NOW LISTENING AT PORT  3000"}
{"level":"info","message":"[APP] SERVER IS NOW LISTENING AT PORT  3000"}
{"level":"info","message":"[REQUEST] Received PATCH request at /v1/api/users/update-me"}
{"level":"info","message":"[UPDATE MY PROFILE CONTROLLER] IN UPDATE MY PROFILE CONTROLLER ID 1"}
{"level":"info","message":"[RESPONSE] Responded to PATCH request at /v1/api/users/update-me in 27ms"}
{"level":"info","message":"[APP] SERVER IS NOW LISTENING AT PORT  3000"}
{"level":"info","message":"[APP] SERVER IS NOW LISTENING AT PORT  3000"}
{"level":"info","message":"[REQUEST] Received PATCH request at /v1/api/users/update-me"}
{"level":"info","message":"[UPDATE MY PROFILE CONTROLLER] IN UPDATE MY PROFILE CONTROLLER ID undefined"}
{"level":"error","message":"[ERROR] Cannot read properties of undefined (reading 'id')","trace":"TypeError: Cannot read properties of undefined (reading 'id')\n    at /Users/macmini/Desktop/NodeExpressStarter/app/src/v1/usecases/api/users/updateMyProfile.usecase.ts:17:27\n    at /Users/macmini/Desktop/NodeExpressStarter/app/src/v1/presenters/controllers/auth/updateMyProfile.controller.ts:17:28\n    at Layer.handle [as handle_request] (/Users/macmini/Desktop/NodeExpressStarter/node_modules/express/lib/router/layer.js:95:5)\n    at next (/Users/macmini/Desktop/NodeExpressStarter/node_modules/express/lib/router/route.js:144:13)\n    at Route.dispatch (/Users/macmini/Desktop/NodeExpressStarter/node_modules/express/lib/router/route.js:114:3)\n    at Layer.handle [as handle_request] (/Users/macmini/Desktop/NodeExpressStarter/node_modules/express/lib/router/layer.js:95:5)\n    at /Users/macmini/Desktop/NodeExpressStarter/node_modules/express/lib/router/index.js:284:15\n    at Function.process_params (/Users/macmini/Desktop/NodeExpressStarter/node_modules/express/lib/router/index.js:346:12)\n    at next (/Users/macmini/Desktop/NodeExpressStarter/node_modules/express/lib/router/index.js:280:10)\n    at Function.handle (/Users/macmini/Desktop/NodeExpressStarter/node_modules/express/lib/router/index.js:175:3)"}
{"level":"info","message":"[RESPONSE] Responded to PATCH request at /v1/api/users/update-me in 4ms"}
{"level":"info","message":"[REQUEST] Received PATCH request at /v1/api/users/update-me"}
{"level":"info","message":"[UPDATE MY PROFILE CONTROLLER] IN UPDATE MY PROFILE CONTROLLER ID undefined"}
{"level":"error","message":"[ERROR] Cannot read properties of undefined (reading 'id')","trace":"TypeError: Cannot read properties of undefined (reading 'id')\n    at /Users/macmini/Desktop/NodeExpressStarter/app/src/v1/usecases/api/users/updateMyProfile.usecase.ts:17:27\n    at /Users/macmini/Desktop/NodeExpressStarter/app/src/v1/presenters/controllers/auth/updateMyProfile.controller.ts:17:28\n    at Layer.handle [as handle_request] (/Users/macmini/Desktop/NodeExpressStarter/node_modules/express/lib/router/layer.js:95:5)\n    at next (/Users/macmini/Desktop/NodeExpressStarter/node_modules/express/lib/router/route.js:144:13)\n    at Route.dispatch (/Users/macmini/Desktop/NodeExpressStarter/node_modules/express/lib/router/route.js:114:3)\n    at Layer.handle [as handle_request] (/Users/macmini/Desktop/NodeExpressStarter/node_modules/express/lib/router/layer.js:95:5)\n    at /Users/macmini/Desktop/NodeExpressStarter/node_modules/express/lib/router/index.js:284:15\n    at Function.process_params (/Users/macmini/Desktop/NodeExpressStarter/node_modules/express/lib/router/index.js:346:12)\n    at next (/Users/macmini/Desktop/NodeExpressStarter/node_modules/express/lib/router/index.js:280:10)\n    at Function.handle (/Users/macmini/Desktop/NodeExpressStarter/node_modules/express/lib/router/index.js:175:3)"}
{"level":"info","message":"[RESPONSE] Responded to PATCH request at /v1/api/users/update-me in 6ms"}
{"level":"info","message":"[APP] SERVER IS NOW LISTENING AT PORT  3000"}
{"level":"info","message":"[APP] SERVER IS NOW LISTENING AT PORT  3000"}
{"level":"info","message":"[REQUEST] Received PATCH request at /v1/api/users/update-me"}
{"level":"info","message":"[APP] SERVER IS NOW LISTENING AT PORT  3000"}
{"level":"info","message":"[REQUEST] Received PATCH request at /v1/api/users/update-me"}
{"level":"info","message":"[APP] SERVER IS NOW LISTENING AT PORT  3000"}
{"level":"info","message":"[APP] SERVER IS NOW LISTENING AT PORT  3000"}
{"level":"info","message":"[APP] SERVER IS NOW LISTENING AT PORT  3000"}
{"level":"info","message":"[REQUEST] Received PATCH request at /v1/api/users/update-me"}
{"level":"error","message":"[ERROR] Validation Error","trace":"Error: Validation Error\n    at ExceptionsService.unprocessabhleEntityException (/Users/macmini/Desktop/NodeExpressStarter/app/src/v1/core/errors/exceptions.ts:68:11)\n    at /Users/macmini/Desktop/NodeExpressStarter/app/src/v1/presenters/middlewares/schemas/validateSchema.middleware.ts:39:26\n    at Layer.handle [as handle_request] (/Users/macmini/Desktop/NodeExpressStarter/node_modules/express/lib/router/layer.js:95:5)\n    at next (/Users/macmini/Desktop/NodeExpressStarter/node_modules/express/lib/router/route.js:144:13)\n    at /Users/macmini/Desktop/NodeExpressStarter/app/src/v1/presenters/middlewares/uploads/transferFilePathToBody.middleware.ts:12:5\n    at Layer.handle [as handle_request] (/Users/macmini/Desktop/NodeExpressStarter/node_modules/express/lib/router/layer.js:95:5)\n    at next (/Users/macmini/Desktop/NodeExpressStarter/node_modules/express/lib/router/route.js:144:13)\n    at multerMiddleware (/Users/macmini/Desktop/NodeExpressStarter/node_modules/multer/lib/make-middleware.js:13:41)\n    at Layer.handle [as handle_request] (/Users/macmini/Desktop/NodeExpressStarter/node_modules/express/lib/router/layer.js:95:5)\n    at next (/Users/macmini/Desktop/NodeExpressStarter/node_modules/express/lib/router/route.js:144:13)"}
{"level":"error","message":"[ERROR] Validation Error"}
{"level":"info","message":"[RESPONSE] Responded to PATCH request at /v1/api/users/update-me in 13ms"}
{"level":"info","message":"[APP] SERVER IS NOW LISTENING AT PORT  3000"}
{"level":"info","message":"[REQUEST] Received PATCH request at /v1/api/users/update-me"}
{"level":"info","message":"[UPDATE MY PROFILE CONTROLLER] IN UPDATE MY PROFILE CONTROLLER ID 1"}
{"level":"info","message":"[RESPONSE] Responded to PATCH request at /v1/api/users/update-me in 30ms"}
{"level":"info","message":"[APP] SERVER IS NOW LISTENING AT PORT  3000"}
{"level":"info","message":"[REQUEST] Received PATCH request at /v1/api/users/update-me"}
{"level":"info","message":"[UPDATE MY PROFILE CONTROLLER] IN UPDATE MY PROFILE CONTROLLER ID 1"}
{"level":"info","message":"[RESPONSE] Responded to PATCH request at /v1/api/users/update-me in 21ms"}
{"level":"info","message":"[APP] SERVER IS NOW LISTENING AT PORT  3000"}
{"level":"info","message":"[REQUEST] Received PATCH request at /v1/api/users/update-me"}
{"level":"info","message":"[UPDATE MY PROFILE CONTROLLER] IN UPDATE MY PROFILE CONTROLLER ID 1"}
{"level":"info","message":"[RESPONSE] Responded to PATCH request at /v1/api/users/update-me in 23ms"}
{"level":"info","message":"[APP] SERVER IS NOW LISTENING AT PORT  3000"}
{"level":"info","message":"[APP] SERVER IS NOW LISTENING AT PORT  3000"}
{"level":"info","message":"[REQUEST] Received GET request at /v1/api/users/"}
{"level":"info","message":"[RESPONSE] Responded to GET request at /v1/api/users/ in 12ms"}
{"level":"info","message":"[REQUEST] Received POST request at /v1/auth/login"}
{"level":"info","message":"[LOGIN CONTROLLER] IN LOGIN EMAIl admin@gmail.com"}
{"level":"info","message":"[LOGIN USE CASE] {\"id\":\"1\",\"email\":\"admin@gmail.com\",\"isVerified\":true,\"picture\":\"http://localhost:3000/images/default.png\",\"username\":\"admin\",\"password\":\"$2a$10$iNC.Txx80L7YZ6tGaxrHDe1Lx92kJA5KeK48zRSZFs6twRipJsHDu\",\"role\":\"admin\",\"phoneNumber\":\"56251081\",\"confirmation_token\":null,\"confirmed_email\":true}"}
{"level":"info","message":"[RESPONSE] Responded to POST request at /v1/auth/login in 119ms"}
{"level":"info","message":"[APP] SERVER IS NOW LISTENING AT PORT  3000"}
{"level":"info","message":"[APP] SERVER IS NOW LISTENING AT PORT  3000"}
{"level":"info","message":"[REQUEST] Received GET request at /v1/api/users/"}
{"level":"info","message":"[RESPONSE] Responded to GET request at /v1/api/users/ in 14ms"}
{"level":"info","message":"[APP] SERVER IS NOW LISTENING AT PORT  3000"}
{"level":"info","message":"[APP] SERVER IS NOW LISTENING AT PORT  3000"}
{"level":"info","message":"[APP] SERVER IS NOW LISTENING AT PORT  3000"}
{"level":"info","message":"[APP] SERVER IS NOW LISTENING AT PORT  3000"}
{"level":"info","message":"[APP] SERVER IS NOW LISTENING AT PORT  3000"}
{"level":"info","message":"[APP] SERVER IS NOW LISTENING AT PORT  3000"}
{"level":"info","message":"[APP] SERVER IS NOW LISTENING AT PORT  3000"}
{"level":"info","message":"[APP] SERVER IS NOW LISTENING AT PORT  3000"}
{"level":"info","message":"[APP] SERVER IS NOW LISTENING AT PORT  3000"}
{"level":"info","message":"[APP] SERVER IS NOW LISTENING AT PORT  3000"}
{"level":"info","message":"[APP] SERVER IS NOW LISTENING AT PORT  3000"}
{"level":"info","message":"[APP] SERVER IS NOW LISTENING AT PORT  3000"}
{"level":"info","message":"[APP] SERVER IS NOW LISTENING AT PORT  3000"}
{"level":"info","message":"[APP] SERVER IS NOW LISTENING AT PORT  3000"}
{"level":"info","message":"[APP] SERVER IS NOW LISTENING AT PORT  3000"}
{"level":"info","message":"[APP] SERVER IS NOW LISTENING AT PORT  3000"}
{"level":"info","message":"[APP] SERVER IS NOW LISTENING AT PORT  3000"}
{"level":"info","message":"[APP] SERVER IS NOW LISTENING AT PORT  3000"}
{"level":"info","message":"[APP] SERVER IS NOW LISTENING AT PORT  3000"}
{"level":"info","message":"[APP] SERVER IS NOW LISTENING AT PORT  3000"}
{"level":"info","message":"[APP] SERVER IS NOW LISTENING AT PORT  3000"}
{"level":"info","message":"[APP] SERVER IS NOW LISTENING AT PORT  3000"}
{"level":"info","message":"[APP] SERVER IS NOW LISTENING AT PORT  3000"}
{"level":"info","message":"[APP] SERVER IS NOW LISTENING AT PORT  3000"}
{"level":"info","message":"[APP] SERVER IS NOW LISTENING AT PORT  3000"}
{"level":"info","message":"[APP] SERVER IS NOW LISTENING AT PORT  3000"}
{"level":"info","message":"[APP] SERVER IS NOW LISTENING AT PORT  3000"}
{"level":"info","message":"[APP] SERVER IS NOW LISTENING AT PORT  3000"}
{"level":"info","message":"[APP] SERVER IS NOW LISTENING AT PORT  3000"}
{"level":"info","message":"[APP] SERVER IS NOW LISTENING AT PORT  3000"}
{"level":"info","message":"[APP] SERVER IS NOW LISTENING AT PORT  3000"}
{"level":"info","message":"[APP] SERVER IS NOW LISTENING AT PORT  3000"}
{"level":"info","message":"[APP] SERVER IS NOW LISTENING AT PORT  3000"}
{"level":"info","message":"[APP] SERVER IS NOW LISTENING AT PORT  3000"}
{"level":"info","message":"[APP] SERVER IS NOW LISTENING AT PORT  3000"}
{"level":"info","message":"[APP] SERVER IS NOW LISTENING AT PORT  3000"}
{"level":"info","message":"[REQUEST] Received GET request at /v1/api/vendor/store"}
{"level":"info","message":"[RESPONSE] Responded to GET request at /v1/api/vendor/store in 39ms"}
{"level":"info","message":"[REQUEST] Received POST request at /v1/auth/register"}
{"level":"info","message":"[REGISTER USE CASE] {\"id\":\"1\",\"email\":\"user01@gmail.com\",\"isVerified\":true,\"picture\":\"http://localhost:3000/images/default.png\",\"username\":\"user01\",\"password\":\"$2a$10$vQdG8n.cWPLCqD/bIfG7q.fH2a0B041rjADkeui0Tpc3y.aiqRVqC\",\"role\":\"user\",\"phoneNumber\":\"56251081\",\"confirmation_token\":null,\"confirmed_email\":true}"}
{"level":"info","message":"[RESPONSE] Responded to POST request at /v1/auth/register in 130ms"}
{"level":"info","message":"[REQUEST] Received POST request at /v1/auth/register"}
{"level":"info","message":"[REGISTER USE CASE] {\"id\":\"2\",\"email\":\"admin@gmail.com\",\"isVerified\":true,\"picture\":\"http://localhost:3000/images/default.png\",\"username\":\"admin\",\"password\":\"$2a$10$5qGF8jd5aepZCaT6sl3RW.YkDHOq3GD6BDt8Kk5mC9GUztyHLdjH6\",\"role\":\"admin\",\"phoneNumber\":\"56251081\",\"confirmation_token\":null,\"confirmed_email\":true}"}
{"level":"info","message":"[RESPONSE] Responded to POST request at /v1/auth/register in 121ms"}
{"level":"info","message":"[APP] SERVER IS NOW LISTENING AT PORT  3000"}
{"level":"info","message":"[REQUEST] Received GET request at /v1/api/vendor/store"}
{"level":"info","message":"[RESPONSE] Responded to GET request at /v1/api/vendor/store in 9ms"}
{"level":"info","message":"[REQUEST] Received POST request at /v1/auth/register"}
{"level":"error","message":"[ERROR] Validation Error","trace":"Error: Validation Error\n    at ExceptionsService.unprocessabhleEntityException (/Users/macmini/Desktop/NodeExpressStarter/app/src/v1/core/errors/exceptions.ts:68:11)\n    at validatePayloadSchema (/Users/macmini/Desktop/NodeExpressStarter/app/src/v1/utils/validation/validate.schema.ts:37:24)\n    at trimAndValidateSchemaPayload (/Users/macmini/Desktop/NodeExpressStarter/app/src/v1/utils/validation/validate.schema.ts:10:24)\n    at validateRegisterPayload (/Users/macmini/Desktop/NodeExpressStarter/app/src/v1/usecases/auth/register.usecase.ts:69:31)\n    at /Users/macmini/Desktop/NodeExpressStarter/app/src/v1/usecases/auth/register.usecase.ts:29:5\n    at /Users/macmini/Desktop/NodeExpressStarter/app/src/v1/presenters/controllers/auth/register.controller.ts:15:26\n    at /Users/macmini/Desktop/NodeExpressStarter/app/src/v1/presenters/middlewares/controllers/transactional.controller.ts:13:31\n    at EntityManager.transaction (/Users/macmini/Desktop/NodeExpressStarter/node_modules/src/entity-manager/EntityManager.ts:154:34)\n    at processTicksAndRejections (node:internal/process/task_queues:95:5)\n    at async /Users/macmini/Desktop/NodeExpressStarter/app/src/v1/presenters/middlewares/controllers/transactional.controller.ts:11:7"}
{"level":"error","message":"[ERROR] Validation Error"}
{"level":"info","message":"[RESPONSE] Responded to POST request at /v1/auth/register in 43ms"}
{"level":"info","message":"[REQUEST] Received POST request at /v1/auth/register"}
{"level":"info","message":"[REGISTER USE CASE] {\"id\":\"3\",\"email\":\"vendor01@gmail.com\",\"isVerified\":true,\"picture\":\"http://localhost:3000/images/default.png\",\"username\":\"vendor01\",\"password\":\"$2a$10$pkwy.1EdIAI2DfzIgowEVOH7WN.lFdaUNAr9AXA4zIkRo6cqvxxUa\",\"role\":\"vendor\",\"phoneNumber\":\"56251081\",\"confirmation_token\":null,\"confirmed_email\":true}"}
{"level":"info","message":"[RESPONSE] Responded to POST request at /v1/auth/register in 149ms"}
{"level":"info","message":"[APP] SERVER IS NOW LISTENING AT PORT  3000"}
{"level":"info","message":"[REQUEST] Received GET request at /v1/api/vendor/store"}
{"level":"info","message":"[RESPONSE] Responded to GET request at /v1/api/vendor/store in 7ms"}
{"level":"info","message":"[APP] SERVER IS NOW LISTENING AT PORT  3000"}
{"level":"info","message":"[APP] SERVER IS NOW LISTENING AT PORT  3000"}
{"level":"info","message":"[APP] SERVER IS NOW LISTENING AT PORT  3000"}
{"level":"info","message":"[APP] SERVER IS NOW LISTENING AT PORT  3000"}
{"level":"info","message":"[APP] SERVER IS NOW LISTENING AT PORT  3000"}
{"level":"info","message":"[APP] SERVER IS NOW LISTENING AT PORT  3000"}
{"level":"info","message":"[APP] SERVER IS NOW LISTENING AT PORT  3000"}
{"level":"info","message":"[APP] SERVER IS NOW LISTENING AT PORT  3000"}
{"level":"info","message":"[APP] SERVER IS NOW LISTENING AT PORT  3000"}
{"level":"info","message":"[APP] SERVER IS NOW LISTENING AT PORT  undefined"}
{"level":"info","message":"[APP] SERVER IS NOW LISTENING AT PORT  3000"}
