{"level":"info","message":"[REQUEST] Received GET request at /v1/api/users/me"}
{"level":"info","message":"[GET ME CONTROLLER] IN GET ME CONTROLLER ID 3"}
{"level":"info","message":"[RESPONSE] Responded to GET request at /v1/api/users/me in 143ms"}
{"level":"info","message":"[REQUEST] Received GET request at /v1/api/store/1/product"}
{"level":"info","message":"[RESPONSE] Responded to GET request at /v1/api/store/1/product in 40ms"}
{"level":"info","message":"[REQUEST] Received POST request at /v1/api/products/review"}
{"level":"error","message":"[ERROR] A review with the same content already exists","trace":"Error: A review with the same content already exists\n    at ExceptionsService.badRequestException (/Users/macmini/Desktop/projects/softyshop-backend/app/src/v1/core/errors/exceptions.ts:55:11)\n    at /Users/macmini/Desktop/projects/softyshop-backend/app/src/v1/usecases/api/review/createReview.usecase.ts:29:24\n    at processTicksAndRejections (node:internal/process/task_queues:95:5)\n    at async /Users/macmini/Desktop/projects/softyshop-backend/app/src/v1/presenters/controllers/api/review/createReview.controller.ts:11:20"}
{"level":"error","message":"[ERROR] A review with the same content already exists"}
{"level":"info","message":"[RESPONSE] Responded to POST request at /v1/api/products/review in 26ms"}
{"level":"info","message":"[APP] SERVER IS NOW LISTENING AT PORT  3000"}
{"level":"info","message":"[REQUEST] Received GET request at /v1/api/products/13/review"}
{"level":"error","message":"[ERROR] Property \"cartProducts\" was not found in \"ProductEntity\". Make sure your query is correct.","trace":"EntityPropertyNotFoundError: Property \"cartProducts\" was not found in \"ProductEntity\". Make sure your query is correct.\n    at SelectQueryBuilder.buildWhere (/Users/macmini/Desktop/projects/softyshop-backend/node_modules/src/query-builder/SelectQueryBuilder.ts:4236:27)\n    at SelectQueryBuilder.buildWhere (/Users/macmini/Desktop/projects/softyshop-backend/node_modules/src/query-builder/SelectQueryBuilder.ts:4478:48)\n    at SelectQueryBuilder.applyFindOptions (/Users/macmini/Desktop/projects/softyshop-backend/node_modules/src/query-builder/SelectQueryBuilder.ts:3131:40)\n    at SelectQueryBuilder.setFindOptions (/Users/macmini/Desktop/projects/softyshop-backend/node_modules/src/query-builder/SelectQueryBuilder.ts:105:14)\n    at EntityManager.find (/Users/macmini/Desktop/projects/softyshop-backend/node_modules/src/entity-manager/EntityManager.ts:1082:14)\n    at Object.findAll (/Users/macmini/Desktop/projects/softyshop-backend/app/src/v1/data/repositories/review.repository.ts:32:40)\n    at /Users/macmini/Desktop/projects/softyshop-backend/app/src/v1/usecases/api/review/getAllProductReviews.usecase.ts:21:51\n    at processTicksAndRejections (node:internal/process/task_queues:95:5)\n    at async /Users/macmini/Desktop/projects/softyshop-backend/app/src/v1/presenters/controllers/api/review/getAllProductReviews.controller.ts:12:22"}
{"level":"info","message":"[RESPONSE] Responded to GET request at /v1/api/products/13/review in 42ms"}
{"level":"info","message":"[APP] SERVER IS NOW LISTENING AT PORT  3000"}
{"level":"info","message":"[APP] SERVER IS NOW LISTENING AT PORT  3000"}
{"level":"info","message":"[REQUEST] Received GET request at /v1/api/products/13/review"}
{"level":"error","message":"[ERROR] Property \"cartProducts\" was not found in \"ProductEntity\". Make sure your query is correct.","trace":"EntityPropertyNotFoundError: Property \"cartProducts\" was not found in \"ProductEntity\". Make sure your query is correct.\n    at SelectQueryBuilder.buildWhere (/Users/macmini/Desktop/projects/softyshop-backend/node_modules/src/query-builder/SelectQueryBuilder.ts:4236:27)\n    at SelectQueryBuilder.buildWhere (/Users/macmini/Desktop/projects/softyshop-backend/node_modules/src/query-builder/SelectQueryBuilder.ts:4478:48)\n    at SelectQueryBuilder.applyFindOptions (/Users/macmini/Desktop/projects/softyshop-backend/node_modules/src/query-builder/SelectQueryBuilder.ts:3131:40)\n    at SelectQueryBuilder.setFindOptions (/Users/macmini/Desktop/projects/softyshop-backend/node_modules/src/query-builder/SelectQueryBuilder.ts:105:14)\n    at EntityManager.find (/Users/macmini/Desktop/projects/softyshop-backend/node_modules/src/entity-manager/EntityManager.ts:1082:14)\n    at Object.findAll (/Users/macmini/Desktop/projects/softyshop-backend/app/src/v1/data/repositories/review.repository.ts:32:40)\n    at /Users/macmini/Desktop/projects/softyshop-backend/app/src/v1/usecases/api/review/getAllProductReviews.usecase.ts:21:51\n    at processTicksAndRejections (node:internal/process/task_queues:95:5)\n    at async /Users/macmini/Desktop/projects/softyshop-backend/app/src/v1/presenters/controllers/api/review/getAllProductReviews.controller.ts:12:22"}
{"level":"info","message":"[RESPONSE] Responded to GET request at /v1/api/products/13/review in 23ms"}
{"level":"info","message":"[APP] SERVER IS NOW LISTENING AT PORT  3000"}
{"level":"info","message":"[REQUEST] Received GET request at /v1/api/products/13/review"}
{"level":"info","message":"[RESPONSE] Responded to GET request at /v1/api/products/13/review in 43ms"}
{"level":"info","message":"[REQUEST] Received GET request at /v1/api/products/11/review"}
{"level":"info","message":"[RESPONSE] Responded to GET request at /v1/api/products/11/review in 24ms"}
{"level":"info","message":"[REQUEST] Received POST request at /v1/api/products/review"}
{"level":"info","message":"[RESPONSE] Responded to POST request at /v1/api/products/review in 42ms"}
{"level":"info","message":"[REQUEST] Received POST request at /v1/api/products/review"}
{"level":"info","message":"[RESPONSE] Responded to POST request at /v1/api/products/review in 18ms"}
{"level":"info","message":"[APP] SERVER IS NOW LISTENING AT PORT  3000"}
{"level":"info","message":"[APP] SERVER IS NOW LISTENING AT PORT  3000"}
{"level":"info","message":"[REQUEST] Received POST request at /v1/api/products/review"}
{"level":"error","message":"[ERROR] RBAC! You Not Have Role to access this","trace":"Error: RBAC! You Not Have Role to access this\n    at ExceptionsService.unauthorizedException (/Users/macmini/Desktop/projects/softyshop-backend/app/src/v1/core/errors/exceptions.ts:58:11)\n    at /Users/macmini/Desktop/projects/softyshop-backend/app/src/v1/presenters/middlewares/auth/restrictTo.middleware.ts:9:26\n    at Layer.handle [as handle_request] (/Users/macmini/Desktop/projects/softyshop-backend/node_modules/express/lib/router/layer.js:95:5)\n    at next (/Users/macmini/Desktop/projects/softyshop-backend/node_modules/express/lib/router/route.js:144:13)\n    at Route.dispatch (/Users/macmini/Desktop/projects/softyshop-backend/node_modules/express/lib/router/route.js:114:3)\n    at Layer.handle [as handle_request] (/Users/macmini/Desktop/projects/softyshop-backend/node_modules/express/lib/router/layer.js:95:5)\n    at /Users/macmini/Desktop/projects/softyshop-backend/node_modules/express/lib/router/index.js:284:15\n    at Function.process_params (/Users/macmini/Desktop/projects/softyshop-backend/node_modules/express/lib/router/index.js:346:12)\n    at next (/Users/macmini/Desktop/projects/softyshop-backend/node_modules/express/lib/router/index.js:280:10)\n    at isAuthentictedMiddleware (/Users/macmini/Desktop/projects/softyshop-backend/app/src/v1/presenters/middlewares/auth/isAuthenticated.middleware.ts:46:5)"}
{"level":"error","message":"[ERROR] RBAC! You Not Have Role to access this"}
{"level":"info","message":"[RESPONSE] Responded to POST request at /v1/api/products/review in 7ms"}
{"level":"info","message":"[REQUEST] Received GET request at /v1/api/products/11/review"}
{"level":"info","message":"[RESPONSE] Responded to GET request at /v1/api/products/11/review in 20ms"}
{"level":"info","message":"[APP] SERVER IS NOW LISTENING AT PORT  3000"}
{"level":"info","message":"[APP] SERVER IS NOW LISTENING AT PORT  3000"}
{"level":"info","message":"[APP] SERVER IS NOW LISTENING AT PORT  3000"}
{"level":"info","message":"[APP] SERVER IS NOW LISTENING AT PORT  3000"}
{"level":"info","message":"[APP] SERVER IS NOW LISTENING AT PORT  3000"}
{"level":"info","message":"[APP] SERVER IS NOW LISTENING AT PORT  3000"}
{"level":"info","message":"[APP] SERVER IS NOW LISTENING AT PORT  3000"}
{"level":"info","message":"[APP] SERVER IS NOW LISTENING AT PORT  3000"}
{"level":"info","message":"[APP] SERVER IS NOW LISTENING AT PORT  3000"}
{"level":"info","message":"[APP] SERVER IS NOW LISTENING AT PORT  3000"}
{"level":"info","message":"[APP] SERVER IS NOW LISTENING AT PORT  3000"}
{"level":"info","message":"[APP] SERVER IS NOW LISTENING AT PORT  3000"}
{"level":"info","message":"[APP] SERVER IS NOW LISTENING AT PORT  3000"}
{"level":"info","message":"[REQUEST] Received PATCH request at /v1/api/products/review/1"}
{"level":"error","message":"[ERROR] Review not found with id 1","trace":"Error: Review not found with id 1\n    at ExceptionsService.notFoundException (/Users/macmini/Desktop/projects/softyshop-backend/app/src/v1/core/errors/exceptions.ts:61:11)\n    at /Users/macmini/Desktop/projects/softyshop-backend/app/src/v1/presenters/controllers/api/review/updateReview.controller.ts:19:26\n    at processTicksAndRejections (node:internal/process/task_queues:95:5)"}
{"level":"error","message":"[ERROR] Review not found with id 1"}
{"level":"info","message":"[RESPONSE] Responded to PATCH request at /v1/api/products/review/1 in 22ms"}
{"level":"info","message":"[REQUEST] Received PATCH request at /v1/api/products/review/2"}
{"level":"info","message":"[RESPONSE] Responded to PATCH request at /v1/api/products/review/2 in 19ms"}
